
Gurobi 8.0.0 (win64, Python) logging started 05/05/18 18:31:49

Academic license - for non-commercial use only
Parameter method unchanged
   Value: -1  Min: -1  Max: 5  Default: -1
Optimize a model with 8885 rows, 69124 columns and 169729 nonzeros
Variable types: 0 continuous, 69124 integer (69120 binary)
Coefficient statistics:
  Matrix range     [1e+00, 2e+00]
  Objective range  [1e+00, 1e+00]
  Bounds range     [1e+00, 1e+00]
  RHS range        [1e+00, 8e+05]
Presolve removed 635 rows and 4324 columns
Presolve time: 0.79s
Presolved: 8250 rows, 64800 columns, 146700 nonzeros
Variable types: 0 continuous, 64800 integer (64800 binary)

Root simplex log...

Iteration    Objective       Primal Inf.    Dual Inf.      Time
    6168    1.4380800e+06   3.978122e+03   0.000000e+00      5s
    9184    1.4380800e+06   7.882848e+02   0.000000e+00     10s
   11926    1.4380800e+06   5.420470e+01   0.000000e+00     15s
   14428    1.4380800e+06   4.125026e+01   0.000000e+00     20s
   17074    1.4380800e+06   8.516260e+01   0.000000e+00     25s
   19432    1.4380800e+06   0.000000e+00   0.000000e+00     30s

Root relaxation: objective 1.438080e+06, 19432 iterations, 28.80 seconds
Total elapsed time = 84.88s
Total elapsed time = 134.41s
Total elapsed time = 141.85s

    Nodes    |    Current Node    |     Objective Bounds      |     Work
 Expl Unexpl |  Obj  Depth IntInf | Incumbent    BestBd   Gap | It/Node Time

     0     0 1438080.00    0   36          - 1438080.00      -     -  148s
H    0     0                    1438080.0000 1438080.00  0.00%     -  149s

Explored 1 nodes (198534 simplex iterations) in 149.72 seconds
Thread count was 4 (of 4 available processors)

Solution count 1: 1.43808e+06 

Optimal solution found (tolerance 1.00e-04)
Best objective 1.438080000000e+06, best bound 1.438080000000e+06, gap 0.0000%

    Variable            X 
-------------------------
x_CD Boston College_CD Arturo Prat de San Felipe_1            1 
x_CD Liceo Curicó_Club Andino de Los Ángeles_1            1 
x_CD Quilicura Basket_Club Atlético Puerto Varas_1            1 
x_Estadio Español_CD Alemán de Concepción_1            1 
x_CD Ceppi_CD Brisas_1            1 
x_Stadio Italiano_CD La Unión_1            1 
x_CD Manquehue_CD Achao_1            1 
x_Estadio Palestino_CD AB Temuco_1            1 
x_CD Boston College_CD AB Temuco_2            1 
x_CD Liceo Curicó_Estadio Español_2            1 
x_CD Brisas_CD Alemán de Concepción_2            1 
x_CD Ceppi_CD Manquehue_2            1 
x_CD Arturo Prat de San Felipe_CD La Unión_2            1 
x_Stadio Italiano_CD Quilicura Basket_2            1 
x_Club Atlético Puerto Varas_Club Andino de Los Ángeles_2            1 
x_Estadio Palestino_CD Achao_2            1 
x_CD Boston College_Stadio Italiano_3            1 
x_CD Liceo Curicó_Estadio Palestino_3            1 
x_CD Quilicura Basket_Estadio Español_3            1 
x_CD Ceppi_CD Achao_3            1 
x_CD Arturo Prat de San Felipe_CD Manquehue_3            1 
x_CD AB Temuco_CD Brisas_3            1 
x_CD La Unión_Club Atlético Puerto Varas_3            1 
x_Club Andino de Los Ángeles_CD Alemán de Concepción_3            1 
x_CD Boston College_CD Liceo Curicó_4            1 
x_Estadio Español_Estadio Palestino_4            1 
x_CD Arturo Prat de San Felipe_CD Achao_4            1 
x_Stadio Italiano_CD Alemán de Concepción_4            1 
x_CD Manquehue_CD Brisas_4            1 
x_Club Atlético Puerto Varas_CD Ceppi_4            1 
x_CD AB Temuco_CD Quilicura Basket_4            1 
x_Club Andino de Los Ángeles_CD La Unión_4            1 
x_CD Boston College_CD Achao_5            1 
x_CD Quilicura Basket_CD Alemán de Concepción_5            1 
x_CD Brisas_CD La Unión_5            1 
x_CD Arturo Prat de San Felipe_CD Ceppi_5            1 
x_CD Manquehue_Estadio Español_5            1 
x_Club Atlético Puerto Varas_CD Liceo Curicó_5            1 
x_Estadio Palestino_Stadio Italiano_5            1 
x_Club Andino de Los Ángeles_CD AB Temuco_5            1 
x_CD Boston College_CD La Unión_6            1 
x_CD Alemán de Concepción_CD Achao_6            1 
x_CD Brisas_Estadio Español_6            1 
x_CD Ceppi_CD AB Temuco_6            1 
x_Stadio Italiano_CD Liceo Curicó_6            1 
x_CD Manquehue_CD Quilicura Basket_6            1 
x_Club Atlético Puerto Varas_CD Arturo Prat de San Felipe_6            1 
x_Estadio Palestino_Club Andino de Los Ángeles_6            1 
x_CD Alemán de Concepción_CD Boston College_7            1 
x_CD Brisas_CD Achao_7            1 
x_CD Arturo Prat de San Felipe_CD Quilicura Basket_7            1 
x_CD Manquehue_CD Liceo Curicó_7            1 
x_Club Atlético Puerto Varas_Stadio Italiano_7            1 
x_CD La Unión_CD AB Temuco_7            1 
x_Estadio Palestino_CD Ceppi_7            1 
x_Club Andino de Los Ángeles_Estadio Español_7            1 
x_CD Boston College_Estadio Español_8            1 
x_CD Ceppi_CD Alemán de Concepción_8            1 
x_CD Arturo Prat de San Felipe_CD Brisas_8            1 
x_CD Manquehue_Club Andino de Los Ángeles_8            1 
x_Club Atlético Puerto Varas_Estadio Palestino_8            1 
x_CD AB Temuco_Stadio Italiano_8            1 
x_CD La Unión_CD Quilicura Basket_8            1 
x_CD Achao_CD Liceo Curicó_8            1 
x_CD Boston College_Club Andino de Los Ángeles_9            1 
x_CD Ceppi_CD Quilicura Basket_9            1 
x_CD Arturo Prat de San Felipe_CD Liceo Curicó_9            1 
x_Stadio Italiano_CD Manquehue_9            1 
x_CD AB Temuco_Estadio Español_9            1 
x_CD La Unión_CD Alemán de Concepción_9            1 
x_CD Achao_Club Atlético Puerto Varas_9            1 
x_Estadio Palestino_CD Brisas_9            1 
x_CD Boston College_Club Atlético Puerto Varas_10            1 
x_CD Liceo Curicó_CD Ceppi_10            1 
x_CD Alemán de Concepción_Estadio Palestino_10            1 
x_CD Brisas_CD Quilicura Basket_10            1 
x_Stadio Italiano_Estadio Español_10            1 
x_CD AB Temuco_CD Arturo Prat de San Felipe_10            1 
x_CD La Unión_CD Manquehue_10            1 
x_Club Andino de Los Ángeles_CD Achao_10            1 
x_CD Alemán de Concepción_CD Manquehue_11            1 
x_CD Brisas_CD Liceo Curicó_11            1 
x_CD Ceppi_CD Boston College_11            1 
x_CD Arturo Prat de San Felipe_Estadio Español_11            1 
x_Stadio Italiano_Club Andino de Los Ángeles_11            1 
x_CD AB Temuco_Club Atlético Puerto Varas_11            1 
x_CD Achao_CD Quilicura Basket_11            1 
x_Estadio Palestino_CD La Unión_11            1 
x_CD Boston College_CD Quilicura Basket_12            1 
x_CD Alemán de Concepción_CD Liceo Curicó_12            1 
x_Estadio Español_CD La Unión_12            1 
x_Stadio Italiano_CD Arturo Prat de San Felipe_12            1 
x_CD Manquehue_Estadio Palestino_12            1 
x_Club Atlético Puerto Varas_CD Brisas_12            1 
x_CD Achao_CD AB Temuco_12            1 
x_Club Andino de Los Ángeles_CD Ceppi_12            1 
x_CD Boston College_Estadio Palestino_13            1 
x_CD Liceo Curicó_CD Quilicura Basket_13            1 
x_CD Alemán de Concepción_Club Atlético Puerto Varas_13            1 
x_Estadio Español_CD Ceppi_13            1 
x_CD Arturo Prat de San Felipe_Club Andino de Los Ángeles_13            1 
x_Stadio Italiano_CD Brisas_13            1 
x_CD Manquehue_CD AB Temuco_13            1 
x_CD Achao_CD La Unión_13            1 
x_CD Boston College_CD Manquehue_14            1 
x_CD Liceo Curicó_CD AB Temuco_14            1 
x_CD Quilicura Basket_Estadio Palestino_14            1 
x_Estadio Español_Club Atlético Puerto Varas_14            1 
x_CD Arturo Prat de San Felipe_CD Alemán de Concepción_14            1 
x_CD La Unión_CD Ceppi_14            1 
x_CD Achao_Stadio Italiano_14            1 
x_Club Andino de Los Ángeles_CD Brisas_14            1 
x_CD Liceo Curicó_CD La Unión_15            1 
x_CD Brisas_CD Boston College_15            1 
x_CD Arturo Prat de San Felipe_Estadio Palestino_15            1 
x_Stadio Italiano_CD Ceppi_15            1 
x_Club Atlético Puerto Varas_CD Manquehue_15            1 
x_CD AB Temuco_CD Alemán de Concepción_15            1 
x_CD Achao_Estadio Español_15            1 
x_Club Andino de Los Ángeles_CD Quilicura Basket_15            1 
x_CD Boston College_CD Brisas_16            1 
x_CD Liceo Curicó_Stadio Italiano_16            1 
x_CD Quilicura Basket_CD Ceppi_16            1 
x_CD Arturo Prat de San Felipe_CD AB Temuco_16            1 
x_Club Atlético Puerto Varas_CD Alemán de Concepción_16            1 
x_CD La Unión_Estadio Español_16            1 
x_CD Achao_Estadio Palestino_16            1 
x_Club Andino de Los Ángeles_CD Manquehue_16            1 
x_CD Alemán de Concepción_CD Quilicura Basket_17            1 
x_Estadio Español_CD Achao_17            1 
x_CD Brisas_CD Ceppi_17            1 
x_CD Manquehue_CD Boston College_17            1 
x_CD AB Temuco_CD Liceo Curicó_17            1 
x_CD La Unión_Stadio Italiano_17            1 
x_Estadio Palestino_CD Arturo Prat de San Felipe_17            1 
x_Club Andino de Los Ángeles_Club Atlético Puerto Varas_17            1 
x_CD Alemán de Concepción_CD Arturo Prat de San Felipe_18            1 
x_Estadio Español_Stadio Italiano_18            1 
x_CD Ceppi_CD Liceo Curicó_18            1 
x_Club Atlético Puerto Varas_CD Quilicura Basket_18            1 
x_CD AB Temuco_CD Manquehue_18            1 
x_CD La Unión_CD Brisas_18            1 
x_CD Achao_Club Andino de Los Ángeles_18            1 
x_Estadio Palestino_CD Boston College_18            1 
x_CD Liceo Curicó_CD Boston College_19            1 
x_CD Quilicura Basket_CD Arturo Prat de San Felipe_19            1 
x_Estadio Español_CD AB Temuco_19            1 
x_CD Brisas_Club Atlético Puerto Varas_19            1 
x_CD Manquehue_CD Ceppi_19            1 
x_CD La Unión_CD Achao_19            1 
x_Estadio Palestino_CD Alemán de Concepción_19            1 
x_Club Andino de Los Ángeles_Stadio Italiano_19            1 
x_CD Liceo Curicó_CD Arturo Prat de San Felipe_20            1 
x_CD Alemán de Concepción_CD Brisas_20            1 
x_CD Quilicura Basket_CD La Unión_20            1 
x_Stadio Italiano_CD Boston College_20            1 
x_Club Atlético Puerto Varas_Estadio Español_20            1 
x_CD AB Temuco_Club Andino de Los Ángeles_20            1 
x_CD Achao_CD Ceppi_20            1 
x_Estadio Palestino_CD Manquehue_20            1 
x_CD Liceo Curicó_Club Atlético Puerto Varas_21            1 
x_CD Quilicura Basket_CD Achao_21            1 
x_CD Brisas_Stadio Italiano_21            1 
x_CD Arturo Prat de San Felipe_CD Boston College_21            1 
x_CD Manquehue_CD Alemán de Concepción_21            1 
x_CD AB Temuco_CD Ceppi_21            1 
x_CD La Unión_Club Andino de Los Ángeles_21            1 
x_Estadio Palestino_Estadio Español_21            1 
x_CD Alemán de Concepción_CD Ceppi_22            1 
x_CD Quilicura Basket_CD Liceo Curicó_22            1 
x_Estadio Español_CD Manquehue_22            1 
x_Stadio Italiano_Club Atlético Puerto Varas_22            1 
x_CD AB Temuco_Estadio Palestino_22            1 
x_CD La Unión_CD Boston College_22            1 
x_CD Achao_CD Brisas_22            1 
x_Club Andino de Los Ángeles_CD Arturo Prat de San Felipe_22            1 
x_CD Liceo Curicó_CD Achao_23            1 
x_CD Alemán de Concepción_Estadio Español_23            1 
x_CD Quilicura Basket_CD Boston College_23            1 
x_CD Brisas_CD Arturo Prat de San Felipe_23            1 
x_CD Ceppi_Club Atlético Puerto Varas_23            1 
x_CD Manquehue_Stadio Italiano_23            1 
x_CD AB Temuco_CD La Unión_23            1 
x_Club Andino de Los Ángeles_Estadio Palestino_23            1 
x_CD Boston College_CD Ceppi_24            1 
x_CD Liceo Curicó_CD Manquehue_24            1 
x_CD Alemán de Concepción_CD La Unión_24            1 
x_CD Quilicura Basket_Stadio Italiano_24            1 
x_Estadio Español_Club Andino de Los Ángeles_24            1 
x_CD Brisas_Estadio Palestino_24            1 
x_CD Arturo Prat de San Felipe_Club Atlético Puerto Varas_24            1 
x_CD AB Temuco_CD Achao_24            1 
x_CD Boston College_CD Alemán de Concepción_25            1 
x_CD Quilicura Basket_CD Manquehue_25            1 
x_Estadio Español_CD Arturo Prat de San Felipe_25            1 
x_CD Brisas_Club Andino de Los Ángeles_25            1 
x_CD Ceppi_Estadio Palestino_25            1 
x_Stadio Italiano_CD AB Temuco_25            1 
x_Club Atlético Puerto Varas_CD Achao_25            1 
x_CD La Unión_CD Liceo Curicó_25            1 
x_CD Liceo Curicó_CD Brisas_26            1 
x_CD Alemán de Concepción_Club Andino de Los Ángeles_26            1 
x_Estadio Español_CD Quilicura Basket_26            1 
x_CD Ceppi_CD Arturo Prat de San Felipe_26            1 
x_Stadio Italiano_CD Achao_26            1 
x_CD Manquehue_Club Atlético Puerto Varas_26            1 
x_CD AB Temuco_CD Boston College_26            1 
x_CD La Unión_Estadio Palestino_26            1 
x_CD Quilicura Basket_CD Brisas_27            1 
x_Estadio Español_CD Boston College_27            1 
x_CD Ceppi_CD La Unión_27            1 
x_Stadio Italiano_Estadio Palestino_27            1 
x_CD Manquehue_CD Arturo Prat de San Felipe_27            1 
x_Club Atlético Puerto Varas_CD AB Temuco_27            1 
x_CD Achao_CD Alemán de Concepción_27            1 
x_Club Andino de Los Ángeles_CD Liceo Curicó_27            1 
x_CD Alemán de Concepción_Stadio Italiano_28            1 
x_Estadio Español_CD Liceo Curicó_28            1 
x_CD Brisas_CD AB Temuco_28            1 
x_CD Ceppi_Club Andino de Los Ángeles_28            1 
x_CD Manquehue_CD La Unión_28            1 
x_Club Atlético Puerto Varas_CD Boston College_28            1 
x_CD Achao_CD Arturo Prat de San Felipe_28            1 
x_Estadio Palestino_CD Quilicura Basket_28            1 
x_CD Alemán de Concepción_CD AB Temuco_29            1 
x_CD Quilicura Basket_Club Andino de Los Ángeles_29            1 
x_CD Brisas_CD Manquehue_29            1 
x_CD Ceppi_Estadio Español_29            1 
x_CD Arturo Prat de San Felipe_Stadio Italiano_29            1 
x_Club Atlético Puerto Varas_CD La Unión_29            1 
x_CD Achao_CD Boston College_29            1 
x_Estadio Palestino_CD Liceo Curicó_29            1 
x_CD Liceo Curicó_CD Alemán de Concepción_30            1 
x_CD Quilicura Basket_CD AB Temuco_30            1 
x_Estadio Español_CD Brisas_30            1 
x_CD Ceppi_Stadio Italiano_30            1 
x_CD La Unión_CD Arturo Prat de San Felipe_30            1 
x_CD Achao_CD Manquehue_30            1 
x_Estadio Palestino_Club Atlético Puerto Varas_30            1 
x_Club Andino de Los Ángeles_CD Boston College_30            1 
         y_1       802816 
         y_2       118784 
         y_3       460800 
         y_4        55680 
w_a_CD Liceo Curicó_CD Boston College_19            1 
w_a_CD Liceo Curicó_CD Alemán de Concepción_30            1 
w_a_CD Liceo Curicó_CD Quilicura Basket_13            1 
w_a_CD Liceo Curicó_Estadio Español_2            1 
w_a_CD Liceo Curicó_CD Brisas_26            1 
w_a_CD Liceo Curicó_CD Ceppi_10            1 
w_a_CD Liceo Curicó_Club Atlético Puerto Varas_21            1 
w_a_CD Liceo Curicó_Club Andino de Los Ángeles_1            1 
w_a_CD Alemán de Concepción_Estadio Español_23            1 
w_a_CD Alemán de Concepción_CD Brisas_20            1 
w_a_CD Alemán de Concepción_CD Ceppi_22            1 
w_a_CD Alemán de Concepción_CD Arturo Prat de San Felipe_18            1 
w_a_CD Alemán de Concepción_Stadio Italiano_28            1 
w_a_CD Quilicura Basket_CD Ceppi_16            1 
w_a_Estadio Español_Estadio Palestino_4            1 
w_a_CD Brisas_Estadio Español_6            1 
w_a_CD Brisas_Estadio Palestino_24            1 
w_a_Stadio Italiano_CD AB Temuco_25            1 
w_a_Stadio Italiano_Club Andino de Los Ángeles_11            1 
w_a_CD Manquehue_Estadio Español_5            1 
w_a_Club Atlético Puerto Varas_CD Brisas_12            1 
w_a_Club Atlético Puerto Varas_CD AB Temuco_27            1 
w_a_Club Atlético Puerto Varas_CD La Unión_29            1 
w_a_CD AB Temuco_CD Alemán de Concepción_15            1 
w_a_CD AB Temuco_CD Brisas_3            1 
w_a_CD AB Temuco_Stadio Italiano_8            1 
w_a_CD La Unión_CD Alemán de Concepción_9            1 
w_a_CD La Unión_CD Ceppi_14            1 
w_a_CD La Unión_Stadio Italiano_17            1 
w_a_CD La Unión_CD AB Temuco_7            1 
w_b_CD Boston College_CD AB Temuco_2            1 
w_b_Estadio Español_CD Brisas_30            1 
w_b_Estadio Español_Stadio Italiano_18            1 
w_b_Estadio Español_CD Achao_17            1 
w_b_Estadio Español_Club Andino de Los Ángeles_24            1 
w_b_CD Brisas_CD Manquehue_29            1 
w_b_CD Ceppi_CD Brisas_1            1 
w_b_CD Ceppi_Estadio Palestino_25            1 
w_b_CD Arturo Prat de San Felipe_CD Alemán de Concepción_14            1 
w_b_CD Arturo Prat de San Felipe_Estadio Español_11            1 
w_b_CD Arturo Prat de San Felipe_CD Ceppi_5            1 
w_b_CD Arturo Prat de San Felipe_CD Manquehue_3            1 
w_b_Stadio Italiano_CD Brisas_13            1 
w_b_Stadio Italiano_Club Atlético Puerto Varas_22            1 
w_b_CD Manquehue_CD Arturo Prat de San Felipe_27            1 
w_b_CD Manquehue_Stadio Italiano_23            1 
w_b_CD Manquehue_Estadio Palestino_12            1 
w_b_Club Atlético Puerto Varas_CD Boston College_28            1 
w_b_Club Atlético Puerto Varas_CD Alemán de Concepción_16            1 
w_b_Club Atlético Puerto Varas_CD Ceppi_4            1 
w_b_Club Atlético Puerto Varas_CD Arturo Prat de San Felipe_6            1 
w_b_Club Atlético Puerto Varas_Stadio Italiano_7            1 
w_b_Club Atlético Puerto Varas_CD Manquehue_15            1 
w_b_Club Atlético Puerto Varas_Estadio Palestino_8            1 
w_b_CD AB Temuco_Estadio Español_9            1 
w_b_CD AB Temuco_CD Arturo Prat de San Felipe_10            1 
w_b_CD La Unión_Estadio Palestino_26            1 
w_b_Estadio Palestino_CD Alemán de Concepción_19            1 
w_b_Estadio Palestino_Estadio Español_21            1 
w_b_Estadio Palestino_CD Manquehue_20            1 
w_c_CD Liceo Curicó_Stadio Italiano_16            1 
w_c_CD Alemán de Concepción_Club Atlético Puerto Varas_13            1 
w_c_CD Alemán de Concepción_Estadio Palestino_10            1 
w_c_CD Quilicura Basket_CD Boston College_23            1 
w_c_CD Quilicura Basket_CD Alemán de Concepción_5            1 
w_c_CD Quilicura Basket_CD Achao_21            1 
w_c_CD Brisas_CD Liceo Curicó_11            1 
w_c_CD Brisas_CD Alemán de Concepción_2            1 
w_c_CD Brisas_CD Ceppi_17            1 
w_c_CD Ceppi_CD AB Temuco_6            1 
w_c_CD Arturo Prat de San Felipe_Club Atlético Puerto Varas_24            1 
w_c_CD Arturo Prat de San Felipe_CD Achao_4            1 
w_c_CD Manquehue_CD Ceppi_19            1 
w_c_CD Manquehue_Club Atlético Puerto Varas_26            1 
w_c_CD Manquehue_CD La Unión_28            1 
w_c_Club Atlético Puerto Varas_CD Achao_25            1 
w_c_CD AB Temuco_Club Andino de Los Ángeles_20            1 
w_c_CD La Unión_CD Boston College_22            1 
w_c_CD La Unión_CD Quilicura Basket_8            1 
w_c_CD La Unión_CD Arturo Prat de San Felipe_30            1 
w_c_CD La Unión_Club Atlético Puerto Varas_3            1 
w_c_CD Achao_CD Boston College_29            1 
w_c_CD Achao_CD Alemán de Concepción_27            1 
w_c_CD Achao_Estadio Español_15            1 
w_c_CD Achao_Stadio Italiano_14            1 
w_c_CD Achao_Club Atlético Puerto Varas_9            1 
w_c_CD Achao_CD AB Temuco_12            1 
w_c_CD Achao_Club Andino de Los Ángeles_18            1 
w_c_Estadio Palestino_CD Ceppi_7            1 
w_c_Estadio Palestino_CD AB Temuco_1            1 
w_d_CD Boston College_CD Liceo Curicó_4            1 
w_d_CD Boston College_CD Brisas_16            1 
w_d_CD Boston College_Club Atlético Puerto Varas_10            1 
w_d_CD Boston College_Estadio Palestino_13            1 
w_d_CD Liceo Curicó_CD Achao_23            1 
w_d_CD Alemán de Concepción_CD Quilicura Basket_17            1 
w_d_CD Alemán de Concepción_CD AB Temuco_29            1 
w_d_CD Alemán de Concepción_CD La Unión_24            1 
w_d_CD Alemán de Concepción_CD Achao_6            1 
w_d_CD Quilicura Basket_Estadio Español_3            1 
w_d_CD Quilicura Basket_Estadio Palestino_14            1 
w_d_Estadio Español_CD Quilicura Basket_26            1 
w_d_Estadio Español_CD Arturo Prat de San Felipe_25            1 
w_d_Estadio Español_CD La Unión_12            1 
w_d_CD Brisas_Stadio Italiano_21            1 
w_d_CD Brisas_CD AB Temuco_28            1 
w_d_CD Ceppi_CD La Unión_27            1 
w_d_CD Arturo Prat de San Felipe_CD Liceo Curicó_9            1 
w_d_CD Arturo Prat de San Felipe_CD Quilicura Basket_7            1 
w_d_CD Arturo Prat de San Felipe_CD Brisas_8            1 
w_d_CD Arturo Prat de San Felipe_CD La Unión_2            1 
w_d_CD Arturo Prat de San Felipe_Estadio Palestino_15            1 
w_d_Stadio Italiano_CD Boston College_20            1 
w_d_Stadio Italiano_CD La Unión_1            1 
w_d_Club Atlético Puerto Varas_CD Liceo Curicó_5            1 
w_d_CD AB Temuco_Club Atlético Puerto Varas_11            1 
w_d_CD La Unión_CD Brisas_18            1 
w_d_Estadio Palestino_Club Atlético Puerto Varas_30            1 
w_d_Club Andino de Los Ángeles_CD Arturo Prat de San Felipe_22            1 
w_d_Club Andino de Los Ángeles_Stadio Italiano_19            1 
w_e_CD Liceo Curicó_CD Manquehue_24            1 
w_e_CD Liceo Curicó_CD AB Temuco_14            1 
w_e_CD Liceo Curicó_Estadio Palestino_3            1 
w_e_CD Alemán de Concepción_CD Liceo Curicó_12            1 
w_e_CD Quilicura Basket_CD Liceo Curicó_22            1 
w_e_CD Quilicura Basket_CD Manquehue_25            1 
w_e_CD Quilicura Basket_Club Atlético Puerto Varas_1            1 
w_e_Estadio Español_CD Boston College_27            1 
w_e_CD Brisas_CD Boston College_15            1 
w_e_CD Brisas_Club Atlético Puerto Varas_19            1 
w_e_CD Brisas_CD Achao_7            1 
w_e_CD Ceppi_CD Alemán de Concepción_8            1 
w_e_CD Ceppi_CD Quilicura Basket_9            1 
w_e_CD Ceppi_CD Manquehue_2            1 
w_e_CD Ceppi_Club Atlético Puerto Varas_23            1 
w_e_CD Arturo Prat de San Felipe_Stadio Italiano_29            1 
w_e_CD Arturo Prat de San Felipe_Club Andino de Los Ángeles_13            1 
w_e_Stadio Italiano_Estadio Español_10            1 
w_e_Stadio Italiano_CD Achao_26            1 
w_e_CD Manquehue_CD Quilicura Basket_6            1 
w_e_CD Manquehue_CD Brisas_4            1 
w_e_Club Atlético Puerto Varas_CD Quilicura Basket_18            1 
w_e_CD AB Temuco_CD Liceo Curicó_17            1 
w_e_CD La Unión_Club Andino de Los Ángeles_21            1 
w_e_CD Achao_CD Quilicura Basket_11            1 
w_e_CD Achao_CD Ceppi_20            1 
w_e_CD Achao_CD Arturo Prat de San Felipe_28            1 
w_e_CD Achao_CD Manquehue_30            1 
w_e_Estadio Palestino_Stadio Italiano_5            1 
w_e_Club Andino de Los Ángeles_CD Manquehue_16            1 
w_f_CD Quilicura Basket_Stadio Italiano_24            1 
w_f_CD Quilicura Basket_CD La Unión_20            1 
w_f_Estadio Español_CD Alemán de Concepción_1            1 
w_f_Estadio Español_CD Ceppi_13            1 
w_f_Estadio Español_CD Manquehue_22            1 
w_f_Estadio Español_Club Atlético Puerto Varas_14            1 
w_f_CD Brisas_CD Quilicura Basket_10            1 
w_f_CD Brisas_CD Arturo Prat de San Felipe_23            1 
w_f_CD Brisas_CD La Unión_5            1 
w_f_CD Brisas_Club Andino de Los Ángeles_25            1 
w_f_CD Ceppi_CD Boston College_11            1 
w_f_CD Ceppi_Estadio Español_29            1 
w_f_CD Ceppi_CD Achao_3            1 
w_f_CD Ceppi_Club Andino de Los Ángeles_28            1 
w_f_CD Arturo Prat de San Felipe_CD Boston College_21            1 
w_f_Stadio Italiano_CD Liceo Curicó_6            1 
w_f_Stadio Italiano_CD Alemán de Concepción_4            1 
w_f_Stadio Italiano_CD Quilicura Basket_2            1 
w_f_Stadio Italiano_CD Ceppi_15            1 
w_f_Stadio Italiano_CD Arturo Prat de San Felipe_12            1 
w_f_Stadio Italiano_CD Manquehue_9            1 
w_f_Stadio Italiano_Estadio Palestino_27            1 
w_f_CD Manquehue_CD Liceo Curicó_7            1 
w_f_CD Manquehue_Club Andino de Los Ángeles_8            1 
w_f_CD AB Temuco_CD Boston College_26            1 
w_f_CD La Unión_CD Achao_19            1 
w_f_CD Achao_Estadio Palestino_16            1 
w_f_Estadio Palestino_CD Boston College_18            1 
w_f_Club Andino de Los Ángeles_CD Boston College_30            1 
w_f_Club Andino de Los Ángeles_Club Atlético Puerto Varas_17            1 
w_g_CD Boston College_CD La Unión_6            1 
w_g_CD Alemán de Concepción_Club Andino de Los Ángeles_26            1 
w_g_CD Quilicura Basket_CD Arturo Prat de San Felipe_19            1 
w_g_CD Ceppi_CD Liceo Curicó_18            1 
w_g_CD Ceppi_Stadio Italiano_30            1 
w_g_CD Manquehue_CD Boston College_17            1 
w_g_CD Manquehue_CD Achao_1            1 
w_g_Club Atlético Puerto Varas_Estadio Español_20            1 
w_g_Club Atlético Puerto Varas_Club Andino de Los Ángeles_2            1 
w_g_CD AB Temuco_CD Ceppi_21            1 
w_g_CD AB Temuco_CD Achao_24            1 
w_g_CD AB Temuco_Estadio Palestino_22            1 
w_g_CD La Unión_CD Liceo Curicó_25            1 
w_g_CD La Unión_Estadio Español_16            1 
w_g_CD Achao_CD Liceo Curicó_8            1 
w_g_CD Achao_CD La Unión_13            1 
w_g_Estadio Palestino_CD Liceo Curicó_29            1 
w_g_Estadio Palestino_CD Quilicura Basket_28            1 
w_g_Estadio Palestino_CD Brisas_9            1 
w_g_Estadio Palestino_CD La Unión_11            1 
w_g_Club Andino de Los Ángeles_CD Liceo Curicó_27            1 
w_g_Club Andino de Los Ángeles_CD Alemán de Concepción_3            1 
w_g_Club Andino de Los Ángeles_CD Quilicura Basket_15            1 
w_g_Club Andino de Los Ángeles_Estadio Español_7            1 
w_g_Club Andino de Los Ángeles_CD Brisas_14            1 
w_g_Club Andino de Los Ángeles_CD Ceppi_12            1 
w_g_Club Andino de Los Ángeles_CD AB Temuco_5            1 
w_g_Club Andino de Los Ángeles_CD La Unión_4            1 
w_g_Club Andino de Los Ángeles_CD Achao_10            1 
w_g_Club Andino de Los Ángeles_Estadio Palestino_23            1 
w_h_CD Boston College_CD Alemán de Concepción_25            1 
w_h_CD Boston College_CD Quilicura Basket_12            1 
w_h_CD Boston College_Estadio Español_8            1 
w_h_CD Boston College_CD Ceppi_24            1 
w_h_CD Boston College_CD Arturo Prat de San Felipe_1            1 
w_h_CD Boston College_Stadio Italiano_3            1 
w_h_CD Boston College_CD Manquehue_14            1 
w_h_CD Boston College_CD Achao_5            1 
w_h_CD Boston College_Club Andino de Los Ángeles_9            1 
w_h_CD Liceo Curicó_CD Arturo Prat de San Felipe_20            1 
w_h_CD Liceo Curicó_CD La Unión_15            1 
w_h_CD Alemán de Concepción_CD Boston College_7            1 
w_h_CD Alemán de Concepción_CD Manquehue_11            1 
w_h_CD Quilicura Basket_CD Brisas_27            1 
w_h_CD Quilicura Basket_CD AB Temuco_30            1 
w_h_CD Quilicura Basket_Club Andino de Los Ángeles_29            1 
w_h_Estadio Español_CD Liceo Curicó_28            1 
w_h_Estadio Español_CD AB Temuco_19            1 
w_h_CD Ceppi_CD Arturo Prat de San Felipe_26            1 
w_h_CD Arturo Prat de San Felipe_CD AB Temuco_16            1 
w_h_CD Manquehue_CD Alemán de Concepción_21            1 
w_h_CD Manquehue_CD AB Temuco_13            1 
w_h_CD AB Temuco_CD Quilicura Basket_4            1 
w_h_CD AB Temuco_CD Manquehue_18            1 
w_h_CD AB Temuco_CD La Unión_23            1 
w_h_CD La Unión_CD Manquehue_10            1 
w_h_CD Achao_CD Brisas_22            1 
w_h_Estadio Palestino_CD Arturo Prat de San Felipe_17            1 
w_h_Estadio Palestino_CD Achao_2            1 
w_h_Estadio Palestino_Club Andino de Los Ángeles_6            1 
Freed default Gurobi environment

Gurobi 8.0.0 (win64, Python) logging started 05/05/18 18:50:36

Academic license - for non-commercial use only
Parameter method unchanged
   Value: -1  Min: -1  Max: 5  Default: -1
Optimize a model with 8885 rows, 69124 columns and 169729 nonzeros
Variable types: 0 continuous, 69124 integer (69120 binary)
Coefficient statistics:
  Matrix range     [1e+00, 2e+00]
  Objective range  [1e+00, 1e+00]
  Bounds range     [1e+00, 1e+00]
  RHS range        [1e+00, 8e+05]
Presolve removed 635 rows and 4324 columns
Presolve time: 0.78s
Presolved: 8250 rows, 64800 columns, 146700 nonzeros
Variable types: 0 continuous, 64800 integer (64800 binary)

Root simplex log...

Iteration    Objective       Primal Inf.    Dual Inf.      Time
    6168    1.4380800e+06   3.978122e+03   0.000000e+00      5s
    9292    1.4380800e+06   3.871425e+02   0.000000e+00     10s
   12034    1.4380800e+06   9.574204e+01   0.000000e+00     15s
   14608    1.4380800e+06   1.641005e+02   0.000000e+00     20s
   17194    1.4380800e+06   1.654632e+01   0.000000e+00     25s
   19432    1.4380800e+06   0.000000e+00   0.000000e+00     29s

Root relaxation: objective 1.438080e+06, 19432 iterations, 28.48 seconds
Total elapsed time = 85.66s
Total elapsed time = 133.37s
Total elapsed time = 140.72s

    Nodes    |    Current Node    |     Objective Bounds      |     Work
 Expl Unexpl |  Obj  Depth IntInf | Incumbent    BestBd   Gap | It/Node Time

     0     0 1438080.00    0   36          - 1438080.00      -     -  147s
H    0     0                    1438080.0000 1438080.00  0.00%     -  148s

Explored 1 nodes (198534 simplex iterations) in 148.56 seconds
Thread count was 4 (of 4 available processors)

Solution count 1: 1.43808e+06 

Optimal solution found (tolerance 1.00e-04)
Best objective 1.438080000000e+06, best bound 1.438080000000e+06, gap 0.0000%

    Variable            X 
-------------------------
x_CD Boston College_CD Arturo Prat de San Felipe_1            1 
x_CD Liceo Curicó_Club Andino de Los Ángeles_1            1 
x_CD Quilicura Basket_Club Atlético Puerto Varas_1            1 
x_Estadio Español_CD Alemán de Concepción_1            1 
x_CD Ceppi_CD Brisas_1            1 
x_Stadio Italiano_CD La Unión_1            1 
x_CD Manquehue_CD Achao_1            1 
x_Estadio Palestino_CD AB Temuco_1            1 
x_CD Boston College_CD AB Temuco_2            1 
x_CD Liceo Curicó_Estadio Español_2            1 
x_CD Brisas_CD Alemán de Concepción_2            1 
x_CD Ceppi_CD Manquehue_2            1 
x_CD Arturo Prat de San Felipe_CD La Unión_2            1 
x_Stadio Italiano_CD Quilicura Basket_2            1 
x_Club Atlético Puerto Varas_Club Andino de Los Ángeles_2            1 
x_Estadio Palestino_CD Achao_2            1 
x_CD Boston College_Stadio Italiano_3            1 
x_CD Liceo Curicó_Estadio Palestino_3            1 
x_CD Quilicura Basket_Estadio Español_3            1 
x_CD Ceppi_CD Achao_3            1 
x_CD Arturo Prat de San Felipe_CD Manquehue_3            1 
x_CD AB Temuco_CD Brisas_3            1 
x_CD La Unión_Club Atlético Puerto Varas_3            1 
x_Club Andino de Los Ángeles_CD Alemán de Concepción_3            1 
x_CD Boston College_CD Liceo Curicó_4            1 
x_Estadio Español_Estadio Palestino_4            1 
x_CD Arturo Prat de San Felipe_CD Achao_4            1 
x_Stadio Italiano_CD Alemán de Concepción_4            1 
x_CD Manquehue_CD Brisas_4            1 
x_Club Atlético Puerto Varas_CD Ceppi_4            1 
x_CD AB Temuco_CD Quilicura Basket_4            1 
x_Club Andino de Los Ángeles_CD La Unión_4            1 
x_CD Boston College_CD Achao_5            1 
x_CD Quilicura Basket_CD Alemán de Concepción_5            1 
x_CD Brisas_CD La Unión_5            1 
x_CD Arturo Prat de San Felipe_CD Ceppi_5            1 
x_CD Manquehue_Estadio Español_5            1 
x_Club Atlético Puerto Varas_CD Liceo Curicó_5            1 
x_Estadio Palestino_Stadio Italiano_5            1 
x_Club Andino de Los Ángeles_CD AB Temuco_5            1 
x_CD Boston College_CD La Unión_6            1 
x_CD Alemán de Concepción_CD Achao_6            1 
x_CD Brisas_Estadio Español_6            1 
x_CD Ceppi_CD AB Temuco_6            1 
x_Stadio Italiano_CD Liceo Curicó_6            1 
x_CD Manquehue_CD Quilicura Basket_6            1 
x_Club Atlético Puerto Varas_CD Arturo Prat de San Felipe_6            1 
x_Estadio Palestino_Club Andino de Los Ángeles_6            1 
x_CD Alemán de Concepción_CD Boston College_7            1 
x_CD Brisas_CD Achao_7            1 
x_CD Arturo Prat de San Felipe_CD Quilicura Basket_7            1 
x_CD Manquehue_CD Liceo Curicó_7            1 
x_Club Atlético Puerto Varas_Stadio Italiano_7            1 
x_CD La Unión_CD AB Temuco_7            1 
x_Estadio Palestino_CD Ceppi_7            1 
x_Club Andino de Los Ángeles_Estadio Español_7            1 
x_CD Boston College_Estadio Español_8            1 
x_CD Ceppi_CD Alemán de Concepción_8            1 
x_CD Arturo Prat de San Felipe_CD Brisas_8            1 
x_CD Manquehue_Club Andino de Los Ángeles_8            1 
x_Club Atlético Puerto Varas_Estadio Palestino_8            1 
x_CD AB Temuco_Stadio Italiano_8            1 
x_CD La Unión_CD Quilicura Basket_8            1 
x_CD Achao_CD Liceo Curicó_8            1 
x_CD Boston College_Club Andino de Los Ángeles_9            1 
x_CD Ceppi_CD Quilicura Basket_9            1 
x_CD Arturo Prat de San Felipe_CD Liceo Curicó_9            1 
x_Stadio Italiano_CD Manquehue_9            1 
x_CD AB Temuco_Estadio Español_9            1 
x_CD La Unión_CD Alemán de Concepción_9            1 
x_CD Achao_Club Atlético Puerto Varas_9            1 
x_Estadio Palestino_CD Brisas_9            1 
x_CD Boston College_Club Atlético Puerto Varas_10            1 
x_CD Liceo Curicó_CD Ceppi_10            1 
x_CD Alemán de Concepción_Estadio Palestino_10            1 
x_CD Brisas_CD Quilicura Basket_10            1 
x_Stadio Italiano_Estadio Español_10            1 
x_CD AB Temuco_CD Arturo Prat de San Felipe_10            1 
x_CD La Unión_CD Manquehue_10            1 
x_Club Andino de Los Ángeles_CD Achao_10            1 
x_CD Alemán de Concepción_CD Manquehue_11            1 
x_CD Brisas_CD Liceo Curicó_11            1 
x_CD Ceppi_CD Boston College_11            1 
x_CD Arturo Prat de San Felipe_Estadio Español_11            1 
x_Stadio Italiano_Club Andino de Los Ángeles_11            1 
x_CD AB Temuco_Club Atlético Puerto Varas_11            1 
x_CD Achao_CD Quilicura Basket_11            1 
x_Estadio Palestino_CD La Unión_11            1 
x_CD Boston College_CD Quilicura Basket_12            1 
x_CD Alemán de Concepción_CD Liceo Curicó_12            1 
x_Estadio Español_CD La Unión_12            1 
x_Stadio Italiano_CD Arturo Prat de San Felipe_12            1 
x_CD Manquehue_Estadio Palestino_12            1 
x_Club Atlético Puerto Varas_CD Brisas_12            1 
x_CD Achao_CD AB Temuco_12            1 
x_Club Andino de Los Ángeles_CD Ceppi_12            1 
x_CD Boston College_Estadio Palestino_13            1 
x_CD Liceo Curicó_CD Quilicura Basket_13            1 
x_CD Alemán de Concepción_Club Atlético Puerto Varas_13            1 
x_Estadio Español_CD Ceppi_13            1 
x_CD Arturo Prat de San Felipe_Club Andino de Los Ángeles_13            1 
x_Stadio Italiano_CD Brisas_13            1 
x_CD Manquehue_CD AB Temuco_13            1 
x_CD Achao_CD La Unión_13            1 
x_CD Boston College_CD Manquehue_14            1 
x_CD Liceo Curicó_CD AB Temuco_14            1 
x_CD Quilicura Basket_Estadio Palestino_14            1 
x_Estadio Español_Club Atlético Puerto Varas_14            1 
x_CD Arturo Prat de San Felipe_CD Alemán de Concepción_14            1 
x_CD La Unión_CD Ceppi_14            1 
x_CD Achao_Stadio Italiano_14            1 
x_Club Andino de Los Ángeles_CD Brisas_14            1 
x_CD Liceo Curicó_CD La Unión_15            1 
x_CD Brisas_CD Boston College_15            1 
x_CD Arturo Prat de San Felipe_Estadio Palestino_15            1 
x_Stadio Italiano_CD Ceppi_15            1 
x_Club Atlético Puerto Varas_CD Manquehue_15            1 
x_CD AB Temuco_CD Alemán de Concepción_15            1 
x_CD Achao_Estadio Español_15            1 
x_Club Andino de Los Ángeles_CD Quilicura Basket_15            1 
x_CD Boston College_CD Brisas_16            1 
x_CD Liceo Curicó_Stadio Italiano_16            1 
x_CD Quilicura Basket_CD Ceppi_16            1 
x_CD Arturo Prat de San Felipe_CD AB Temuco_16            1 
x_Club Atlético Puerto Varas_CD Alemán de Concepción_16            1 
x_CD La Unión_Estadio Español_16            1 
x_CD Achao_Estadio Palestino_16            1 
x_Club Andino de Los Ángeles_CD Manquehue_16            1 
x_CD Alemán de Concepción_CD Quilicura Basket_17            1 
x_Estadio Español_CD Achao_17            1 
x_CD Brisas_CD Ceppi_17            1 
x_CD Manquehue_CD Boston College_17            1 
x_CD AB Temuco_CD Liceo Curicó_17            1 
x_CD La Unión_Stadio Italiano_17            1 
x_Estadio Palestino_CD Arturo Prat de San Felipe_17            1 
x_Club Andino de Los Ángeles_Club Atlético Puerto Varas_17            1 
x_CD Alemán de Concepción_CD Arturo Prat de San Felipe_18            1 
x_Estadio Español_Stadio Italiano_18            1 
x_CD Ceppi_CD Liceo Curicó_18            1 
x_Club Atlético Puerto Varas_CD Quilicura Basket_18            1 
x_CD AB Temuco_CD Manquehue_18            1 
x_CD La Unión_CD Brisas_18            1 
x_CD Achao_Club Andino de Los Ángeles_18            1 
x_Estadio Palestino_CD Boston College_18            1 
x_CD Liceo Curicó_CD Boston College_19            1 
x_CD Quilicura Basket_CD Arturo Prat de San Felipe_19            1 
x_Estadio Español_CD AB Temuco_19            1 
x_CD Brisas_Club Atlético Puerto Varas_19            1 
x_CD Manquehue_CD Ceppi_19            1 
x_CD La Unión_CD Achao_19            1 
x_Estadio Palestino_CD Alemán de Concepción_19            1 
x_Club Andino de Los Ángeles_Stadio Italiano_19            1 
x_CD Liceo Curicó_CD Arturo Prat de San Felipe_20            1 
x_CD Alemán de Concepción_CD Brisas_20            1 
x_CD Quilicura Basket_CD La Unión_20            1 
x_Stadio Italiano_CD Boston College_20            1 
x_Club Atlético Puerto Varas_Estadio Español_20            1 
x_CD AB Temuco_Club Andino de Los Ángeles_20            1 
x_CD Achao_CD Ceppi_20            1 
x_Estadio Palestino_CD Manquehue_20            1 
x_CD Liceo Curicó_Club Atlético Puerto Varas_21            1 
x_CD Quilicura Basket_CD Achao_21            1 
x_CD Brisas_Stadio Italiano_21            1 
x_CD Arturo Prat de San Felipe_CD Boston College_21            1 
x_CD Manquehue_CD Alemán de Concepción_21            1 
x_CD AB Temuco_CD Ceppi_21            1 
x_CD La Unión_Club Andino de Los Ángeles_21            1 
x_Estadio Palestino_Estadio Español_21            1 
x_CD Alemán de Concepción_CD Ceppi_22            1 
x_CD Quilicura Basket_CD Liceo Curicó_22            1 
x_Estadio Español_CD Manquehue_22            1 
x_Stadio Italiano_Club Atlético Puerto Varas_22            1 
x_CD AB Temuco_Estadio Palestino_22            1 
x_CD La Unión_CD Boston College_22            1 
x_CD Achao_CD Brisas_22            1 
x_Club Andino de Los Ángeles_CD Arturo Prat de San Felipe_22            1 
x_CD Liceo Curicó_CD Achao_23            1 
x_CD Alemán de Concepción_Estadio Español_23            1 
x_CD Quilicura Basket_CD Boston College_23            1 
x_CD Brisas_CD Arturo Prat de San Felipe_23            1 
x_CD Ceppi_Club Atlético Puerto Varas_23            1 
x_CD Manquehue_Stadio Italiano_23            1 
x_CD AB Temuco_CD La Unión_23            1 
x_Club Andino de Los Ángeles_Estadio Palestino_23            1 
x_CD Boston College_CD Ceppi_24            1 
x_CD Liceo Curicó_CD Manquehue_24            1 
x_CD Alemán de Concepción_CD La Unión_24            1 
x_CD Quilicura Basket_Stadio Italiano_24            1 
x_Estadio Español_Club Andino de Los Ángeles_24            1 
x_CD Brisas_Estadio Palestino_24            1 
x_CD Arturo Prat de San Felipe_Club Atlético Puerto Varas_24            1 
x_CD AB Temuco_CD Achao_24            1 
x_CD Boston College_CD Alemán de Concepción_25            1 
x_CD Quilicura Basket_CD Manquehue_25            1 
x_Estadio Español_CD Arturo Prat de San Felipe_25            1 
x_CD Brisas_Club Andino de Los Ángeles_25            1 
x_CD Ceppi_Estadio Palestino_25            1 
x_Stadio Italiano_CD AB Temuco_25            1 
x_Club Atlético Puerto Varas_CD Achao_25            1 
x_CD La Unión_CD Liceo Curicó_25            1 
x_CD Liceo Curicó_CD Brisas_26            1 
x_CD Alemán de Concepción_Club Andino de Los Ángeles_26            1 
x_Estadio Español_CD Quilicura Basket_26            1 
x_CD Ceppi_CD Arturo Prat de San Felipe_26            1 
x_Stadio Italiano_CD Achao_26            1 
x_CD Manquehue_Club Atlético Puerto Varas_26            1 
x_CD AB Temuco_CD Boston College_26            1 
x_CD La Unión_Estadio Palestino_26            1 
x_CD Quilicura Basket_CD Brisas_27            1 
x_Estadio Español_CD Boston College_27            1 
x_CD Ceppi_CD La Unión_27            1 
x_Stadio Italiano_Estadio Palestino_27            1 
x_CD Manquehue_CD Arturo Prat de San Felipe_27            1 
x_Club Atlético Puerto Varas_CD AB Temuco_27            1 
x_CD Achao_CD Alemán de Concepción_27            1 
x_Club Andino de Los Ángeles_CD Liceo Curicó_27            1 
x_CD Alemán de Concepción_Stadio Italiano_28            1 
x_Estadio Español_CD Liceo Curicó_28            1 
x_CD Brisas_CD AB Temuco_28            1 
x_CD Ceppi_Club Andino de Los Ángeles_28            1 
x_CD Manquehue_CD La Unión_28            1 
x_Club Atlético Puerto Varas_CD Boston College_28            1 
x_CD Achao_CD Arturo Prat de San Felipe_28            1 
x_Estadio Palestino_CD Quilicura Basket_28            1 
x_CD Alemán de Concepción_CD AB Temuco_29            1 
x_CD Quilicura Basket_Club Andino de Los Ángeles_29            1 
x_CD Brisas_CD Manquehue_29            1 
x_CD Ceppi_Estadio Español_29            1 
x_CD Arturo Prat de San Felipe_Stadio Italiano_29            1 
x_Club Atlético Puerto Varas_CD La Unión_29            1 
x_CD Achao_CD Boston College_29            1 
x_Estadio Palestino_CD Liceo Curicó_29            1 
x_CD Liceo Curicó_CD Alemán de Concepción_30            1 
x_CD Quilicura Basket_CD AB Temuco_30            1 
x_Estadio Español_CD Brisas_30            1 
x_CD Ceppi_Stadio Italiano_30            1 
x_CD La Unión_CD Arturo Prat de San Felipe_30            1 
x_CD Achao_CD Manquehue_30            1 
x_Estadio Palestino_Club Atlético Puerto Varas_30            1 
x_Club Andino de Los Ángeles_CD Boston College_30            1 
         y_1       802816 
         y_2       118784 
         y_3       460800 
         y_4        55680 
w_a_CD Liceo Curicó_CD Boston College_19            1 
w_a_CD Liceo Curicó_CD Alemán de Concepción_30            1 
w_a_CD Liceo Curicó_CD Quilicura Basket_13            1 
w_a_CD Liceo Curicó_Estadio Español_2            1 
w_a_CD Liceo Curicó_CD Brisas_26            1 
w_a_CD Liceo Curicó_CD Ceppi_10            1 
w_a_CD Liceo Curicó_Club Atlético Puerto Varas_21            1 
w_a_CD Liceo Curicó_Club Andino de Los Ángeles_1            1 
w_a_CD Alemán de Concepción_Estadio Español_23            1 
w_a_CD Alemán de Concepción_CD Brisas_20            1 
w_a_CD Alemán de Concepción_CD Ceppi_22            1 
w_a_CD Alemán de Concepción_CD Arturo Prat de San Felipe_18            1 
w_a_CD Alemán de Concepción_Stadio Italiano_28            1 
w_a_CD Quilicura Basket_CD Ceppi_16            1 
w_a_Estadio Español_Estadio Palestino_4            1 
w_a_CD Brisas_Estadio Español_6            1 
w_a_CD Brisas_Estadio Palestino_24            1 
w_a_Stadio Italiano_CD AB Temuco_25            1 
w_a_Stadio Italiano_Club Andino de Los Ángeles_11            1 
w_a_CD Manquehue_Estadio Español_5            1 
w_a_Club Atlético Puerto Varas_CD Brisas_12            1 
w_a_Club Atlético Puerto Varas_CD AB Temuco_27            1 
w_a_Club Atlético Puerto Varas_CD La Unión_29            1 
w_a_CD AB Temuco_CD Alemán de Concepción_15            1 
w_a_CD AB Temuco_CD Brisas_3            1 
w_a_CD AB Temuco_Stadio Italiano_8            1 
w_a_CD La Unión_CD Alemán de Concepción_9            1 
w_a_CD La Unión_CD Ceppi_14            1 
w_a_CD La Unión_Stadio Italiano_17            1 
w_a_CD La Unión_CD AB Temuco_7            1 
w_b_CD Boston College_CD AB Temuco_2            1 
w_b_Estadio Español_CD Brisas_30            1 
w_b_Estadio Español_Stadio Italiano_18            1 
w_b_Estadio Español_CD Achao_17            1 
w_b_Estadio Español_Club Andino de Los Ángeles_24            1 
w_b_CD Brisas_CD Manquehue_29            1 
w_b_CD Ceppi_CD Brisas_1            1 
w_b_CD Ceppi_Estadio Palestino_25            1 
w_b_CD Arturo Prat de San Felipe_CD Alemán de Concepción_14            1 
w_b_CD Arturo Prat de San Felipe_Estadio Español_11            1 
w_b_CD Arturo Prat de San Felipe_CD Ceppi_5            1 
w_b_CD Arturo Prat de San Felipe_CD Manquehue_3            1 
w_b_Stadio Italiano_CD Brisas_13            1 
w_b_Stadio Italiano_Club Atlético Puerto Varas_22            1 
w_b_CD Manquehue_CD Arturo Prat de San Felipe_27            1 
w_b_CD Manquehue_Stadio Italiano_23            1 
w_b_CD Manquehue_Estadio Palestino_12            1 
w_b_Club Atlético Puerto Varas_CD Boston College_28            1 
w_b_Club Atlético Puerto Varas_CD Alemán de Concepción_16            1 
w_b_Club Atlético Puerto Varas_CD Ceppi_4            1 
w_b_Club Atlético Puerto Varas_CD Arturo Prat de San Felipe_6            1 
w_b_Club Atlético Puerto Varas_Stadio Italiano_7            1 
w_b_Club Atlético Puerto Varas_CD Manquehue_15            1 
w_b_Club Atlético Puerto Varas_Estadio Palestino_8            1 
w_b_CD AB Temuco_Estadio Español_9            1 
w_b_CD AB Temuco_CD Arturo Prat de San Felipe_10            1 
w_b_CD La Unión_Estadio Palestino_26            1 
w_b_Estadio Palestino_CD Alemán de Concepción_19            1 
w_b_Estadio Palestino_Estadio Español_21            1 
w_b_Estadio Palestino_CD Manquehue_20            1 
w_c_CD Liceo Curicó_Stadio Italiano_16            1 
w_c_CD Alemán de Concepción_Club Atlético Puerto Varas_13            1 
w_c_CD Alemán de Concepción_Estadio Palestino_10            1 
w_c_CD Quilicura Basket_CD Boston College_23            1 
w_c_CD Quilicura Basket_CD Alemán de Concepción_5            1 
w_c_CD Quilicura Basket_CD Achao_21            1 
w_c_CD Brisas_CD Liceo Curicó_11            1 
w_c_CD Brisas_CD Alemán de Concepción_2            1 
w_c_CD Brisas_CD Ceppi_17            1 
w_c_CD Ceppi_CD AB Temuco_6            1 
w_c_CD Arturo Prat de San Felipe_Club Atlético Puerto Varas_24            1 
w_c_CD Arturo Prat de San Felipe_CD Achao_4            1 
w_c_CD Manquehue_CD Ceppi_19            1 
w_c_CD Manquehue_Club Atlético Puerto Varas_26            1 
w_c_CD Manquehue_CD La Unión_28            1 
w_c_Club Atlético Puerto Varas_CD Achao_25            1 
w_c_CD AB Temuco_Club Andino de Los Ángeles_20            1 
w_c_CD La Unión_CD Boston College_22            1 
w_c_CD La Unión_CD Quilicura Basket_8            1 
w_c_CD La Unión_CD Arturo Prat de San Felipe_30            1 
w_c_CD La Unión_Club Atlético Puerto Varas_3            1 
w_c_CD Achao_CD Boston College_29            1 
w_c_CD Achao_CD Alemán de Concepción_27            1 
w_c_CD Achao_Estadio Español_15            1 
w_c_CD Achao_Stadio Italiano_14            1 
w_c_CD Achao_Club Atlético Puerto Varas_9            1 
w_c_CD Achao_CD AB Temuco_12            1 
w_c_CD Achao_Club Andino de Los Ángeles_18            1 
w_c_Estadio Palestino_CD Ceppi_7            1 
w_c_Estadio Palestino_CD AB Temuco_1            1 
w_d_CD Boston College_CD Liceo Curicó_4            1 
w_d_CD Boston College_CD Brisas_16            1 
w_d_CD Boston College_Club Atlético Puerto Varas_10            1 
w_d_CD Boston College_Estadio Palestino_13            1 
w_d_CD Liceo Curicó_CD Achao_23            1 
w_d_CD Alemán de Concepción_CD Quilicura Basket_17            1 
w_d_CD Alemán de Concepción_CD AB Temuco_29            1 
w_d_CD Alemán de Concepción_CD La Unión_24            1 
w_d_CD Alemán de Concepción_CD Achao_6            1 
w_d_CD Quilicura Basket_Estadio Español_3            1 
w_d_CD Quilicura Basket_Estadio Palestino_14            1 
w_d_Estadio Español_CD Quilicura Basket_26            1 
w_d_Estadio Español_CD Arturo Prat de San Felipe_25            1 
w_d_Estadio Español_CD La Unión_12            1 
w_d_CD Brisas_Stadio Italiano_21            1 
w_d_CD Brisas_CD AB Temuco_28            1 
w_d_CD Ceppi_CD La Unión_27            1 
w_d_CD Arturo Prat de San Felipe_CD Liceo Curicó_9            1 
w_d_CD Arturo Prat de San Felipe_CD Quilicura Basket_7            1 
w_d_CD Arturo Prat de San Felipe_CD Brisas_8            1 
w_d_CD Arturo Prat de San Felipe_CD La Unión_2            1 
w_d_CD Arturo Prat de San Felipe_Estadio Palestino_15            1 
w_d_Stadio Italiano_CD Boston College_20            1 
w_d_Stadio Italiano_CD La Unión_1            1 
w_d_Club Atlético Puerto Varas_CD Liceo Curicó_5            1 
w_d_CD AB Temuco_Club Atlético Puerto Varas_11            1 
w_d_CD La Unión_CD Brisas_18            1 
w_d_Estadio Palestino_Club Atlético Puerto Varas_30            1 
w_d_Club Andino de Los Ángeles_CD Arturo Prat de San Felipe_22            1 
w_d_Club Andino de Los Ángeles_Stadio Italiano_19            1 
w_e_CD Liceo Curicó_CD Manquehue_24            1 
w_e_CD Liceo Curicó_CD AB Temuco_14            1 
w_e_CD Liceo Curicó_Estadio Palestino_3            1 
w_e_CD Alemán de Concepción_CD Liceo Curicó_12            1 
w_e_CD Quilicura Basket_CD Liceo Curicó_22            1 
w_e_CD Quilicura Basket_CD Manquehue_25            1 
w_e_CD Quilicura Basket_Club Atlético Puerto Varas_1            1 
w_e_Estadio Español_CD Boston College_27            1 
w_e_CD Brisas_CD Boston College_15            1 
w_e_CD Brisas_Club Atlético Puerto Varas_19            1 
w_e_CD Brisas_CD Achao_7            1 
w_e_CD Ceppi_CD Alemán de Concepción_8            1 
w_e_CD Ceppi_CD Quilicura Basket_9            1 
w_e_CD Ceppi_CD Manquehue_2            1 
w_e_CD Ceppi_Club Atlético Puerto Varas_23            1 
w_e_CD Arturo Prat de San Felipe_Stadio Italiano_29            1 
w_e_CD Arturo Prat de San Felipe_Club Andino de Los Ángeles_13            1 
w_e_Stadio Italiano_Estadio Español_10            1 
w_e_Stadio Italiano_CD Achao_26            1 
w_e_CD Manquehue_CD Quilicura Basket_6            1 
w_e_CD Manquehue_CD Brisas_4            1 
w_e_Club Atlético Puerto Varas_CD Quilicura Basket_18            1 
w_e_CD AB Temuco_CD Liceo Curicó_17            1 
w_e_CD La Unión_Club Andino de Los Ángeles_21            1 
w_e_CD Achao_CD Quilicura Basket_11            1 
w_e_CD Achao_CD Ceppi_20            1 
w_e_CD Achao_CD Arturo Prat de San Felipe_28            1 
w_e_CD Achao_CD Manquehue_30            1 
w_e_Estadio Palestino_Stadio Italiano_5            1 
w_e_Club Andino de Los Ángeles_CD Manquehue_16            1 
w_f_CD Quilicura Basket_Stadio Italiano_24            1 
w_f_CD Quilicura Basket_CD La Unión_20            1 
w_f_Estadio Español_CD Alemán de Concepción_1            1 
w_f_Estadio Español_CD Ceppi_13            1 
w_f_Estadio Español_CD Manquehue_22            1 
w_f_Estadio Español_Club Atlético Puerto Varas_14            1 
w_f_CD Brisas_CD Quilicura Basket_10            1 
w_f_CD Brisas_CD Arturo Prat de San Felipe_23            1 
w_f_CD Brisas_CD La Unión_5            1 
w_f_CD Brisas_Club Andino de Los Ángeles_25            1 
w_f_CD Ceppi_CD Boston College_11            1 
w_f_CD Ceppi_Estadio Español_29            1 
w_f_CD Ceppi_CD Achao_3            1 
w_f_CD Ceppi_Club Andino de Los Ángeles_28            1 
w_f_CD Arturo Prat de San Felipe_CD Boston College_21            1 
w_f_Stadio Italiano_CD Liceo Curicó_6            1 
w_f_Stadio Italiano_CD Alemán de Concepción_4            1 
w_f_Stadio Italiano_CD Quilicura Basket_2            1 
w_f_Stadio Italiano_CD Ceppi_15            1 
w_f_Stadio Italiano_CD Arturo Prat de San Felipe_12            1 
w_f_Stadio Italiano_CD Manquehue_9            1 
w_f_Stadio Italiano_Estadio Palestino_27            1 
w_f_CD Manquehue_CD Liceo Curicó_7            1 
w_f_CD Manquehue_Club Andino de Los Ángeles_8            1 
w_f_CD AB Temuco_CD Boston College_26            1 
w_f_CD La Unión_CD Achao_19            1 
w_f_CD Achao_Estadio Palestino_16            1 
w_f_Estadio Palestino_CD Boston College_18            1 
w_f_Club Andino de Los Ángeles_CD Boston College_30            1 
w_f_Club Andino de Los Ángeles_Club Atlético Puerto Varas_17            1 
w_g_CD Boston College_CD La Unión_6            1 
w_g_CD Alemán de Concepción_Club Andino de Los Ángeles_26            1 
w_g_CD Quilicura Basket_CD Arturo Prat de San Felipe_19            1 
w_g_CD Ceppi_CD Liceo Curicó_18            1 
w_g_CD Ceppi_Stadio Italiano_30            1 
w_g_CD Manquehue_CD Boston College_17            1 
w_g_CD Manquehue_CD Achao_1            1 
w_g_Club Atlético Puerto Varas_Estadio Español_20            1 
w_g_Club Atlético Puerto Varas_Club Andino de Los Ángeles_2            1 
w_g_CD AB Temuco_CD Ceppi_21            1 
w_g_CD AB Temuco_CD Achao_24            1 
w_g_CD AB Temuco_Estadio Palestino_22            1 
w_g_CD La Unión_CD Liceo Curicó_25            1 
w_g_CD La Unión_Estadio Español_16            1 
w_g_CD Achao_CD Liceo Curicó_8            1 
w_g_CD Achao_CD La Unión_13            1 
w_g_Estadio Palestino_CD Liceo Curicó_29            1 
w_g_Estadio Palestino_CD Quilicura Basket_28            1 
w_g_Estadio Palestino_CD Brisas_9            1 
w_g_Estadio Palestino_CD La Unión_11            1 
w_g_Club Andino de Los Ángeles_CD Liceo Curicó_27            1 
w_g_Club Andino de Los Ángeles_CD Alemán de Concepción_3            1 
w_g_Club Andino de Los Ángeles_CD Quilicura Basket_15            1 
w_g_Club Andino de Los Ángeles_Estadio Español_7            1 
w_g_Club Andino de Los Ángeles_CD Brisas_14            1 
w_g_Club Andino de Los Ángeles_CD Ceppi_12            1 
w_g_Club Andino de Los Ángeles_CD AB Temuco_5            1 
w_g_Club Andino de Los Ángeles_CD La Unión_4            1 
w_g_Club Andino de Los Ángeles_CD Achao_10            1 
w_g_Club Andino de Los Ángeles_Estadio Palestino_23            1 
w_h_CD Boston College_CD Alemán de Concepción_25            1 
w_h_CD Boston College_CD Quilicura Basket_12            1 
w_h_CD Boston College_Estadio Español_8            1 
w_h_CD Boston College_CD Ceppi_24            1 
w_h_CD Boston College_CD Arturo Prat de San Felipe_1            1 
w_h_CD Boston College_Stadio Italiano_3            1 
w_h_CD Boston College_CD Manquehue_14            1 
w_h_CD Boston College_CD Achao_5            1 
w_h_CD Boston College_Club Andino de Los Ángeles_9            1 
w_h_CD Liceo Curicó_CD Arturo Prat de San Felipe_20            1 
w_h_CD Liceo Curicó_CD La Unión_15            1 
w_h_CD Alemán de Concepción_CD Boston College_7            1 
w_h_CD Alemán de Concepción_CD Manquehue_11            1 
w_h_CD Quilicura Basket_CD Brisas_27            1 
w_h_CD Quilicura Basket_CD AB Temuco_30            1 
w_h_CD Quilicura Basket_Club Andino de Los Ángeles_29            1 
w_h_Estadio Español_CD Liceo Curicó_28            1 
w_h_Estadio Español_CD AB Temuco_19            1 
w_h_CD Ceppi_CD Arturo Prat de San Felipe_26            1 
w_h_CD Arturo Prat de San Felipe_CD AB Temuco_16            1 
w_h_CD Manquehue_CD Alemán de Concepción_21            1 
w_h_CD Manquehue_CD AB Temuco_13            1 
w_h_CD AB Temuco_CD Quilicura Basket_4            1 
w_h_CD AB Temuco_CD Manquehue_18            1 
w_h_CD AB Temuco_CD La Unión_23            1 
w_h_CD La Unión_CD Manquehue_10            1 
w_h_CD Achao_CD Brisas_22            1 
w_h_Estadio Palestino_CD Arturo Prat de San Felipe_17            1 
w_h_Estadio Palestino_CD Achao_2            1 
w_h_Estadio Palestino_Club Andino de Los Ángeles_6            1 
Freed default Gurobi environment

Gurobi 8.0.0 (win64, Python) logging started 05/05/18 19:12:20

Academic license - for non-commercial use only
Freed default Gurobi environment

Gurobi 8.0.0 (win64, Python) logging started 05/05/18 19:15:06

Academic license - for non-commercial use only
Parameter method unchanged
   Value: -1  Min: -1  Max: 5  Default: -1
Optimize a model with 8885 rows, 69124 columns and 169729 nonzeros
Variable types: 0 continuous, 69124 integer (69120 binary)
Coefficient statistics:
  Matrix range     [1e+00, 2e+00]
  Objective range  [1e+00, 1e+00]
  Bounds range     [1e+00, 1e+00]
  RHS range        [1e+00, 8e+05]
Presolve removed 635 rows and 4324 columns
Presolve time: 1.02s
Presolved: 8250 rows, 64800 columns, 146700 nonzeros
Variable types: 0 continuous, 64800 integer (64800 binary)

Root simplex log...

Iteration    Objective       Primal Inf.    Dual Inf.      Time
    5936    1.4380800e+06   2.143745e+03   0.000000e+00      5s
    9184    1.4380800e+06   7.882848e+02   0.000000e+00     10s
   11810    1.4380800e+06   2.944063e+02   0.000000e+00     15s
   14428    1.4380800e+06   4.125026e+01   0.000000e+00     20s
   16954    1.4380800e+06   2.286194e+01   0.000000e+00     25s
   19432    1.4380800e+06   0.000000e+00   0.000000e+00     30s

Root relaxation: objective 1.438080e+06, 19432 iterations, 28.78 seconds

Gurobi 8.0.0 (win64, Python) logging started 05/05/18 19:16:48

Academic license - for non-commercial use only
Parameter method unchanged
   Value: -1  Min: -1  Max: 5  Default: -1
Optimize a model with 8885 rows, 69124 columns and 169729 nonzeros
Variable types: 0 continuous, 69124 integer (69120 binary)
Coefficient statistics:
  Matrix range     [1e+00, 2e+00]
  Objective range  [1e+00, 1e+00]
  Bounds range     [1e+00, 1e+00]
  RHS range        [1e+00, 8e+05]
Presolve removed 635 rows and 4324 columns
Presolve time: 0.77s
Presolved: 8250 rows, 64800 columns, 146700 nonzeros
Variable types: 0 continuous, 64800 integer (64800 binary)

Root simplex log...

Iteration    Objective       Primal Inf.    Dual Inf.      Time
    6226    1.4380800e+06   1.875894e+03   0.000000e+00      5s
    9408    1.4380800e+06   8.904641e+02   0.000000e+00     10s
   12134    1.4380800e+06   8.019584e+01   0.000000e+00     15s
   14698    1.4380800e+06   2.936284e+01   0.000000e+00     20s
   17434    1.4380800e+06   1.306739e+02   0.000000e+00     25s
   19432    1.4380800e+06   0.000000e+00   0.000000e+00     29s

Root relaxation: objective 1.438080e+06, 19432 iterations, 28.03 seconds
Total elapsed time = 85.29s
Total elapsed time = 132.38s
Total elapsed time = 139.72s
Total elapsed time = 142.09s

    Nodes    |    Current Node    |     Objective Bounds      |     Work
 Expl Unexpl |  Obj  Depth IntInf | Incumbent    BestBd   Gap | It/Node Time

     0     0 1438080.00    0   36          - 1438080.00      -     -  146s
H    0     0                    1438080.0000 1438080.00  0.00%     -  147s

Explored 1 nodes (198534 simplex iterations) in 147.42 seconds
Thread count was 4 (of 4 available processors)

Solution count 1: 1.43808e+06 

Optimal solution found (tolerance 1.00e-04)
Best objective 1.438080000000e+06, best bound 1.438080000000e+06, gap 0.0000%

    Variable            X 
-------------------------
x_CD Boston College_CD Arturo Prat de San Felipe_1            1 
x_CD Liceo Curicó_Club Andino de Los Ángeles_1            1 
x_CD Quilicura Basket_Club Atlético Puerto Varas_1            1 
x_Estadio Español_CD Alemán de Concepción_1            1 
x_CD Ceppi_CD Brisas_1            1 
x_Stadio Italiano_CD La Unión_1            1 
x_CD Manquehue_CD Achao_1            1 
x_Estadio Palestino_CD AB Temuco_1            1 
x_CD Boston College_CD AB Temuco_2            1 
x_CD Liceo Curicó_Estadio Español_2            1 
x_CD Brisas_CD Alemán de Concepción_2            1 
x_CD Ceppi_CD Manquehue_2            1 
x_CD Arturo Prat de San Felipe_CD La Unión_2            1 
x_Stadio Italiano_CD Quilicura Basket_2            1 
x_Club Atlético Puerto Varas_Club Andino de Los Ángeles_2            1 
x_Estadio Palestino_CD Achao_2            1 
x_CD Boston College_Stadio Italiano_3            1 
x_CD Liceo Curicó_Estadio Palestino_3            1 
x_CD Quilicura Basket_Estadio Español_3            1 
x_CD Ceppi_CD Achao_3            1 
x_CD Arturo Prat de San Felipe_CD Manquehue_3            1 
x_CD AB Temuco_CD Brisas_3            1 
x_CD La Unión_Club Atlético Puerto Varas_3            1 
x_Club Andino de Los Ángeles_CD Alemán de Concepción_3            1 
x_CD Boston College_CD Liceo Curicó_4            1 
x_Estadio Español_Estadio Palestino_4            1 
x_CD Arturo Prat de San Felipe_CD Achao_4            1 
x_Stadio Italiano_CD Alemán de Concepción_4            1 
x_CD Manquehue_CD Brisas_4            1 
x_Club Atlético Puerto Varas_CD Ceppi_4            1 
x_CD AB Temuco_CD Quilicura Basket_4            1 
x_Club Andino de Los Ángeles_CD La Unión_4            1 
x_CD Boston College_CD Achao_5            1 
x_CD Quilicura Basket_CD Alemán de Concepción_5            1 
x_CD Brisas_CD La Unión_5            1 
x_CD Arturo Prat de San Felipe_CD Ceppi_5            1 
x_CD Manquehue_Estadio Español_5            1 
x_Club Atlético Puerto Varas_CD Liceo Curicó_5            1 
x_Estadio Palestino_Stadio Italiano_5            1 
x_Club Andino de Los Ángeles_CD AB Temuco_5            1 
x_CD Boston College_CD La Unión_6            1 
x_CD Alemán de Concepción_CD Achao_6            1 
x_CD Brisas_Estadio Español_6            1 
x_CD Ceppi_CD AB Temuco_6            1 
x_Stadio Italiano_CD Liceo Curicó_6            1 
x_CD Manquehue_CD Quilicura Basket_6            1 
x_Club Atlético Puerto Varas_CD Arturo Prat de San Felipe_6            1 
x_Estadio Palestino_Club Andino de Los Ángeles_6            1 
x_CD Alemán de Concepción_CD Boston College_7            1 
x_CD Brisas_CD Achao_7            1 
x_CD Arturo Prat de San Felipe_CD Quilicura Basket_7            1 
x_CD Manquehue_CD Liceo Curicó_7            1 
x_Club Atlético Puerto Varas_Stadio Italiano_7            1 
x_CD La Unión_CD AB Temuco_7            1 
x_Estadio Palestino_CD Ceppi_7            1 
x_Club Andino de Los Ángeles_Estadio Español_7            1 
x_CD Boston College_Estadio Español_8            1 
x_CD Ceppi_CD Alemán de Concepción_8            1 
x_CD Arturo Prat de San Felipe_CD Brisas_8            1 
x_CD Manquehue_Club Andino de Los Ángeles_8            1 
x_Club Atlético Puerto Varas_Estadio Palestino_8            1 
x_CD AB Temuco_Stadio Italiano_8            1 
x_CD La Unión_CD Quilicura Basket_8            1 
x_CD Achao_CD Liceo Curicó_8            1 
x_CD Boston College_Club Andino de Los Ángeles_9            1 
x_CD Ceppi_CD Quilicura Basket_9            1 
x_CD Arturo Prat de San Felipe_CD Liceo Curicó_9            1 
x_Stadio Italiano_CD Manquehue_9            1 
x_CD AB Temuco_Estadio Español_9            1 
x_CD La Unión_CD Alemán de Concepción_9            1 
x_CD Achao_Club Atlético Puerto Varas_9            1 
x_Estadio Palestino_CD Brisas_9            1 
x_CD Boston College_Club Atlético Puerto Varas_10            1 
x_CD Liceo Curicó_CD Ceppi_10            1 
x_CD Alemán de Concepción_Estadio Palestino_10            1 
x_CD Brisas_CD Quilicura Basket_10            1 
x_Stadio Italiano_Estadio Español_10            1 
x_CD AB Temuco_CD Arturo Prat de San Felipe_10            1 
x_CD La Unión_CD Manquehue_10            1 
x_Club Andino de Los Ángeles_CD Achao_10            1 
x_CD Alemán de Concepción_CD Manquehue_11            1 
x_CD Brisas_CD Liceo Curicó_11            1 
x_CD Ceppi_CD Boston College_11            1 
x_CD Arturo Prat de San Felipe_Estadio Español_11            1 
x_Stadio Italiano_Club Andino de Los Ángeles_11            1 
x_CD AB Temuco_Club Atlético Puerto Varas_11            1 
x_CD Achao_CD Quilicura Basket_11            1 
x_Estadio Palestino_CD La Unión_11            1 
x_CD Boston College_CD Quilicura Basket_12            1 
x_CD Alemán de Concepción_CD Liceo Curicó_12            1 
x_Estadio Español_CD La Unión_12            1 
x_Stadio Italiano_CD Arturo Prat de San Felipe_12            1 
x_CD Manquehue_Estadio Palestino_12            1 
x_Club Atlético Puerto Varas_CD Brisas_12            1 
x_CD Achao_CD AB Temuco_12            1 
x_Club Andino de Los Ángeles_CD Ceppi_12            1 
x_CD Boston College_Estadio Palestino_13            1 
x_CD Liceo Curicó_CD Quilicura Basket_13            1 
x_CD Alemán de Concepción_Club Atlético Puerto Varas_13            1 
x_Estadio Español_CD Ceppi_13            1 
x_CD Arturo Prat de San Felipe_Club Andino de Los Ángeles_13            1 
x_Stadio Italiano_CD Brisas_13            1 
x_CD Manquehue_CD AB Temuco_13            1 
x_CD Achao_CD La Unión_13            1 
x_CD Boston College_CD Manquehue_14            1 
x_CD Liceo Curicó_CD AB Temuco_14            1 
x_CD Quilicura Basket_Estadio Palestino_14            1 
x_Estadio Español_Club Atlético Puerto Varas_14            1 
x_CD Arturo Prat de San Felipe_CD Alemán de Concepción_14            1 
x_CD La Unión_CD Ceppi_14            1 
x_CD Achao_Stadio Italiano_14            1 
x_Club Andino de Los Ángeles_CD Brisas_14            1 
x_CD Liceo Curicó_CD La Unión_15            1 
x_CD Brisas_CD Boston College_15            1 
x_CD Arturo Prat de San Felipe_Estadio Palestino_15            1 
x_Stadio Italiano_CD Ceppi_15            1 
x_Club Atlético Puerto Varas_CD Manquehue_15            1 
x_CD AB Temuco_CD Alemán de Concepción_15            1 
x_CD Achao_Estadio Español_15            1 
x_Club Andino de Los Ángeles_CD Quilicura Basket_15            1 
x_CD Boston College_CD Brisas_16            1 
x_CD Liceo Curicó_Stadio Italiano_16            1 
x_CD Quilicura Basket_CD Ceppi_16            1 
x_CD Arturo Prat de San Felipe_CD AB Temuco_16            1 
x_Club Atlético Puerto Varas_CD Alemán de Concepción_16            1 
x_CD La Unión_Estadio Español_16            1 
x_CD Achao_Estadio Palestino_16            1 
x_Club Andino de Los Ángeles_CD Manquehue_16            1 
x_CD Alemán de Concepción_CD Quilicura Basket_17            1 
x_Estadio Español_CD Achao_17            1 
x_CD Brisas_CD Ceppi_17            1 
x_CD Manquehue_CD Boston College_17            1 
x_CD AB Temuco_CD Liceo Curicó_17            1 
x_CD La Unión_Stadio Italiano_17            1 
x_Estadio Palestino_CD Arturo Prat de San Felipe_17            1 
x_Club Andino de Los Ángeles_Club Atlético Puerto Varas_17            1 
x_CD Alemán de Concepción_CD Arturo Prat de San Felipe_18            1 
x_Estadio Español_Stadio Italiano_18            1 
x_CD Ceppi_CD Liceo Curicó_18            1 
x_Club Atlético Puerto Varas_CD Quilicura Basket_18            1 
x_CD AB Temuco_CD Manquehue_18            1 
x_CD La Unión_CD Brisas_18            1 
x_CD Achao_Club Andino de Los Ángeles_18            1 
x_Estadio Palestino_CD Boston College_18            1 
x_CD Liceo Curicó_CD Boston College_19            1 
x_CD Quilicura Basket_CD Arturo Prat de San Felipe_19            1 
x_Estadio Español_CD AB Temuco_19            1 
x_CD Brisas_Club Atlético Puerto Varas_19            1 
x_CD Manquehue_CD Ceppi_19            1 
x_CD La Unión_CD Achao_19            1 
x_Estadio Palestino_CD Alemán de Concepción_19            1 
x_Club Andino de Los Ángeles_Stadio Italiano_19            1 
x_CD Liceo Curicó_CD Arturo Prat de San Felipe_20            1 
x_CD Alemán de Concepción_CD Brisas_20            1 
x_CD Quilicura Basket_CD La Unión_20            1 
x_Stadio Italiano_CD Boston College_20            1 
x_Club Atlético Puerto Varas_Estadio Español_20            1 
x_CD AB Temuco_Club Andino de Los Ángeles_20            1 
x_CD Achao_CD Ceppi_20            1 
x_Estadio Palestino_CD Manquehue_20            1 
x_CD Liceo Curicó_Club Atlético Puerto Varas_21            1 
x_CD Quilicura Basket_CD Achao_21            1 
x_CD Brisas_Stadio Italiano_21            1 
x_CD Arturo Prat de San Felipe_CD Boston College_21            1 
x_CD Manquehue_CD Alemán de Concepción_21            1 
x_CD AB Temuco_CD Ceppi_21            1 
x_CD La Unión_Club Andino de Los Ángeles_21            1 
x_Estadio Palestino_Estadio Español_21            1 
x_CD Alemán de Concepción_CD Ceppi_22            1 
x_CD Quilicura Basket_CD Liceo Curicó_22            1 
x_Estadio Español_CD Manquehue_22            1 
x_Stadio Italiano_Club Atlético Puerto Varas_22            1 
x_CD AB Temuco_Estadio Palestino_22            1 
x_CD La Unión_CD Boston College_22            1 
x_CD Achao_CD Brisas_22            1 
x_Club Andino de Los Ángeles_CD Arturo Prat de San Felipe_22            1 
x_CD Liceo Curicó_CD Achao_23            1 
x_CD Alemán de Concepción_Estadio Español_23            1 
x_CD Quilicura Basket_CD Boston College_23            1 
x_CD Brisas_CD Arturo Prat de San Felipe_23            1 
x_CD Ceppi_Club Atlético Puerto Varas_23            1 
x_CD Manquehue_Stadio Italiano_23            1 
x_CD AB Temuco_CD La Unión_23            1 
x_Club Andino de Los Ángeles_Estadio Palestino_23            1 
x_CD Boston College_CD Ceppi_24            1 
x_CD Liceo Curicó_CD Manquehue_24            1 
x_CD Alemán de Concepción_CD La Unión_24            1 
x_CD Quilicura Basket_Stadio Italiano_24            1 
x_Estadio Español_Club Andino de Los Ángeles_24            1 
x_CD Brisas_Estadio Palestino_24            1 
x_CD Arturo Prat de San Felipe_Club Atlético Puerto Varas_24            1 
x_CD AB Temuco_CD Achao_24            1 
x_CD Boston College_CD Alemán de Concepción_25            1 
x_CD Quilicura Basket_CD Manquehue_25            1 
x_Estadio Español_CD Arturo Prat de San Felipe_25            1 
x_CD Brisas_Club Andino de Los Ángeles_25            1 
x_CD Ceppi_Estadio Palestino_25            1 
x_Stadio Italiano_CD AB Temuco_25            1 
x_Club Atlético Puerto Varas_CD Achao_25            1 
x_CD La Unión_CD Liceo Curicó_25            1 
x_CD Liceo Curicó_CD Brisas_26            1 
x_CD Alemán de Concepción_Club Andino de Los Ángeles_26            1 
x_Estadio Español_CD Quilicura Basket_26            1 
x_CD Ceppi_CD Arturo Prat de San Felipe_26            1 
x_Stadio Italiano_CD Achao_26            1 
x_CD Manquehue_Club Atlético Puerto Varas_26            1 
x_CD AB Temuco_CD Boston College_26            1 
x_CD La Unión_Estadio Palestino_26            1 
x_CD Quilicura Basket_CD Brisas_27            1 
x_Estadio Español_CD Boston College_27            1 
x_CD Ceppi_CD La Unión_27            1 
x_Stadio Italiano_Estadio Palestino_27            1 
x_CD Manquehue_CD Arturo Prat de San Felipe_27            1 
x_Club Atlético Puerto Varas_CD AB Temuco_27            1 
x_CD Achao_CD Alemán de Concepción_27            1 
x_Club Andino de Los Ángeles_CD Liceo Curicó_27            1 
x_CD Alemán de Concepción_Stadio Italiano_28            1 
x_Estadio Español_CD Liceo Curicó_28            1 
x_CD Brisas_CD AB Temuco_28            1 
x_CD Ceppi_Club Andino de Los Ángeles_28            1 
x_CD Manquehue_CD La Unión_28            1 
x_Club Atlético Puerto Varas_CD Boston College_28            1 
x_CD Achao_CD Arturo Prat de San Felipe_28            1 
x_Estadio Palestino_CD Quilicura Basket_28            1 
x_CD Alemán de Concepción_CD AB Temuco_29            1 
x_CD Quilicura Basket_Club Andino de Los Ángeles_29            1 
x_CD Brisas_CD Manquehue_29            1 
x_CD Ceppi_Estadio Español_29            1 
x_CD Arturo Prat de San Felipe_Stadio Italiano_29            1 
x_Club Atlético Puerto Varas_CD La Unión_29            1 
x_CD Achao_CD Boston College_29            1 
x_Estadio Palestino_CD Liceo Curicó_29            1 
x_CD Liceo Curicó_CD Alemán de Concepción_30            1 
x_CD Quilicura Basket_CD AB Temuco_30            1 
x_Estadio Español_CD Brisas_30            1 
x_CD Ceppi_Stadio Italiano_30            1 
x_CD La Unión_CD Arturo Prat de San Felipe_30            1 
x_CD Achao_CD Manquehue_30            1 
x_Estadio Palestino_Club Atlético Puerto Varas_30            1 
x_Club Andino de Los Ángeles_CD Boston College_30            1 
         y_1       802816 
         y_2       118784 
         y_3       460800 
         y_4        55680 
w_a_CD Liceo Curicó_CD Boston College_19            1 
w_a_CD Liceo Curicó_CD Alemán de Concepción_30            1 
w_a_CD Liceo Curicó_CD Quilicura Basket_13            1 
w_a_CD Liceo Curicó_Estadio Español_2            1 
w_a_CD Liceo Curicó_CD Brisas_26            1 
w_a_CD Liceo Curicó_CD Ceppi_10            1 
w_a_CD Liceo Curicó_Club Atlético Puerto Varas_21            1 
w_a_CD Liceo Curicó_Club Andino de Los Ángeles_1            1 
w_a_CD Alemán de Concepción_Estadio Español_23            1 
w_a_CD Alemán de Concepción_CD Brisas_20            1 
w_a_CD Alemán de Concepción_CD Ceppi_22            1 
w_a_CD Alemán de Concepción_CD Arturo Prat de San Felipe_18            1 
w_a_CD Alemán de Concepción_Stadio Italiano_28            1 
w_a_CD Quilicura Basket_CD Ceppi_16            1 
w_a_Estadio Español_Estadio Palestino_4            1 
w_a_CD Brisas_Estadio Español_6            1 
w_a_CD Brisas_Estadio Palestino_24            1 
w_a_Stadio Italiano_CD AB Temuco_25            1 
w_a_Stadio Italiano_Club Andino de Los Ángeles_11            1 
w_a_CD Manquehue_Estadio Español_5            1 
w_a_Club Atlético Puerto Varas_CD Brisas_12            1 
w_a_Club Atlético Puerto Varas_CD AB Temuco_27            1 
w_a_Club Atlético Puerto Varas_CD La Unión_29            1 
w_a_CD AB Temuco_CD Alemán de Concepción_15            1 
w_a_CD AB Temuco_CD Brisas_3            1 
w_a_CD AB Temuco_Stadio Italiano_8            1 
w_a_CD La Unión_CD Alemán de Concepción_9            1 
w_a_CD La Unión_CD Ceppi_14            1 
w_a_CD La Unión_Stadio Italiano_17            1 
w_a_CD La Unión_CD AB Temuco_7            1 
w_b_CD Boston College_CD AB Temuco_2            1 
w_b_Estadio Español_CD Brisas_30            1 
w_b_Estadio Español_Stadio Italiano_18            1 
w_b_Estadio Español_CD Achao_17            1 
w_b_Estadio Español_Club Andino de Los Ángeles_24            1 
w_b_CD Brisas_CD Manquehue_29            1 
w_b_CD Ceppi_CD Brisas_1            1 
w_b_CD Ceppi_Estadio Palestino_25            1 
w_b_CD Arturo Prat de San Felipe_CD Alemán de Concepción_14            1 
w_b_CD Arturo Prat de San Felipe_Estadio Español_11            1 
w_b_CD Arturo Prat de San Felipe_CD Ceppi_5            1 
w_b_CD Arturo Prat de San Felipe_CD Manquehue_3            1 
w_b_Stadio Italiano_CD Brisas_13            1 
w_b_Stadio Italiano_Club Atlético Puerto Varas_22            1 
w_b_CD Manquehue_CD Arturo Prat de San Felipe_27            1 
w_b_CD Manquehue_Stadio Italiano_23            1 
w_b_CD Manquehue_Estadio Palestino_12            1 
w_b_Club Atlético Puerto Varas_CD Boston College_28            1 
w_b_Club Atlético Puerto Varas_CD Alemán de Concepción_16            1 
w_b_Club Atlético Puerto Varas_CD Ceppi_4            1 
w_b_Club Atlético Puerto Varas_CD Arturo Prat de San Felipe_6            1 
w_b_Club Atlético Puerto Varas_Stadio Italiano_7            1 
w_b_Club Atlético Puerto Varas_CD Manquehue_15            1 
w_b_Club Atlético Puerto Varas_Estadio Palestino_8            1 
w_b_CD AB Temuco_Estadio Español_9            1 
w_b_CD AB Temuco_CD Arturo Prat de San Felipe_10            1 
w_b_CD La Unión_Estadio Palestino_26            1 
w_b_Estadio Palestino_CD Alemán de Concepción_19            1 
w_b_Estadio Palestino_Estadio Español_21            1 
w_b_Estadio Palestino_CD Manquehue_20            1 
w_c_CD Liceo Curicó_Stadio Italiano_16            1 
w_c_CD Alemán de Concepción_Club Atlético Puerto Varas_13            1 
w_c_CD Alemán de Concepción_Estadio Palestino_10            1 
w_c_CD Quilicura Basket_CD Boston College_23            1 
w_c_CD Quilicura Basket_CD Alemán de Concepción_5            1 
w_c_CD Quilicura Basket_CD Achao_21            1 
w_c_CD Brisas_CD Liceo Curicó_11            1 
w_c_CD Brisas_CD Alemán de Concepción_2            1 
w_c_CD Brisas_CD Ceppi_17            1 
w_c_CD Ceppi_CD AB Temuco_6            1 
w_c_CD Arturo Prat de San Felipe_Club Atlético Puerto Varas_24            1 
w_c_CD Arturo Prat de San Felipe_CD Achao_4            1 
w_c_CD Manquehue_CD Ceppi_19            1 
w_c_CD Manquehue_Club Atlético Puerto Varas_26            1 
w_c_CD Manquehue_CD La Unión_28            1 
w_c_Club Atlético Puerto Varas_CD Achao_25            1 
w_c_CD AB Temuco_Club Andino de Los Ángeles_20            1 
w_c_CD La Unión_CD Boston College_22            1 
w_c_CD La Unión_CD Quilicura Basket_8            1 
w_c_CD La Unión_CD Arturo Prat de San Felipe_30            1 
w_c_CD La Unión_Club Atlético Puerto Varas_3            1 
w_c_CD Achao_CD Boston College_29            1 
w_c_CD Achao_CD Alemán de Concepción_27            1 
w_c_CD Achao_Estadio Español_15            1 
w_c_CD Achao_Stadio Italiano_14            1 
w_c_CD Achao_Club Atlético Puerto Varas_9            1 
w_c_CD Achao_CD AB Temuco_12            1 
w_c_CD Achao_Club Andino de Los Ángeles_18            1 
w_c_Estadio Palestino_CD Ceppi_7            1 
w_c_Estadio Palestino_CD AB Temuco_1            1 
w_d_CD Boston College_CD Liceo Curicó_4            1 
w_d_CD Boston College_CD Brisas_16            1 
w_d_CD Boston College_Club Atlético Puerto Varas_10            1 
w_d_CD Boston College_Estadio Palestino_13            1 
w_d_CD Liceo Curicó_CD Achao_23            1 
w_d_CD Alemán de Concepción_CD Quilicura Basket_17            1 
w_d_CD Alemán de Concepción_CD AB Temuco_29            1 
w_d_CD Alemán de Concepción_CD La Unión_24            1 
w_d_CD Alemán de Concepción_CD Achao_6            1 
w_d_CD Quilicura Basket_Estadio Español_3            1 
w_d_CD Quilicura Basket_Estadio Palestino_14            1 
w_d_Estadio Español_CD Quilicura Basket_26            1 
w_d_Estadio Español_CD Arturo Prat de San Felipe_25            1 
w_d_Estadio Español_CD La Unión_12            1 
w_d_CD Brisas_Stadio Italiano_21            1 
w_d_CD Brisas_CD AB Temuco_28            1 
w_d_CD Ceppi_CD La Unión_27            1 
w_d_CD Arturo Prat de San Felipe_CD Liceo Curicó_9            1 
w_d_CD Arturo Prat de San Felipe_CD Quilicura Basket_7            1 
w_d_CD Arturo Prat de San Felipe_CD Brisas_8            1 
w_d_CD Arturo Prat de San Felipe_CD La Unión_2            1 
w_d_CD Arturo Prat de San Felipe_Estadio Palestino_15            1 
w_d_Stadio Italiano_CD Boston College_20            1 
w_d_Stadio Italiano_CD La Unión_1            1 
w_d_Club Atlético Puerto Varas_CD Liceo Curicó_5            1 
w_d_CD AB Temuco_Club Atlético Puerto Varas_11            1 
w_d_CD La Unión_CD Brisas_18            1 
w_d_Estadio Palestino_Club Atlético Puerto Varas_30            1 
w_d_Club Andino de Los Ángeles_CD Arturo Prat de San Felipe_22            1 
w_d_Club Andino de Los Ángeles_Stadio Italiano_19            1 
w_e_CD Liceo Curicó_CD Manquehue_24            1 
w_e_CD Liceo Curicó_CD AB Temuco_14            1 
w_e_CD Liceo Curicó_Estadio Palestino_3            1 
w_e_CD Alemán de Concepción_CD Liceo Curicó_12            1 
w_e_CD Quilicura Basket_CD Liceo Curicó_22            1 
w_e_CD Quilicura Basket_CD Manquehue_25            1 
w_e_CD Quilicura Basket_Club Atlético Puerto Varas_1            1 
w_e_Estadio Español_CD Boston College_27            1 
w_e_CD Brisas_CD Boston College_15            1 
w_e_CD Brisas_Club Atlético Puerto Varas_19            1 
w_e_CD Brisas_CD Achao_7            1 
w_e_CD Ceppi_CD Alemán de Concepción_8            1 
w_e_CD Ceppi_CD Quilicura Basket_9            1 
w_e_CD Ceppi_CD Manquehue_2            1 
w_e_CD Ceppi_Club Atlético Puerto Varas_23            1 
w_e_CD Arturo Prat de San Felipe_Stadio Italiano_29            1 
w_e_CD Arturo Prat de San Felipe_Club Andino de Los Ángeles_13            1 
w_e_Stadio Italiano_Estadio Español_10            1 
w_e_Stadio Italiano_CD Achao_26            1 
w_e_CD Manquehue_CD Quilicura Basket_6            1 
w_e_CD Manquehue_CD Brisas_4            1 
w_e_Club Atlético Puerto Varas_CD Quilicura Basket_18            1 
w_e_CD AB Temuco_CD Liceo Curicó_17            1 
w_e_CD La Unión_Club Andino de Los Ángeles_21            1 
w_e_CD Achao_CD Quilicura Basket_11            1 
w_e_CD Achao_CD Ceppi_20            1 
w_e_CD Achao_CD Arturo Prat de San Felipe_28            1 
w_e_CD Achao_CD Manquehue_30            1 
w_e_Estadio Palestino_Stadio Italiano_5            1 
w_e_Club Andino de Los Ángeles_CD Manquehue_16            1 
w_f_CD Quilicura Basket_Stadio Italiano_24            1 
w_f_CD Quilicura Basket_CD La Unión_20            1 
w_f_Estadio Español_CD Alemán de Concepción_1            1 
w_f_Estadio Español_CD Ceppi_13            1 
w_f_Estadio Español_CD Manquehue_22            1 
w_f_Estadio Español_Club Atlético Puerto Varas_14            1 
w_f_CD Brisas_CD Quilicura Basket_10            1 
w_f_CD Brisas_CD Arturo Prat de San Felipe_23            1 
w_f_CD Brisas_CD La Unión_5            1 
w_f_CD Brisas_Club Andino de Los Ángeles_25            1 
w_f_CD Ceppi_CD Boston College_11            1 
w_f_CD Ceppi_Estadio Español_29            1 
w_f_CD Ceppi_CD Achao_3            1 
w_f_CD Ceppi_Club Andino de Los Ángeles_28            1 
w_f_CD Arturo Prat de San Felipe_CD Boston College_21            1 
w_f_Stadio Italiano_CD Liceo Curicó_6            1 
w_f_Stadio Italiano_CD Alemán de Concepción_4            1 
w_f_Stadio Italiano_CD Quilicura Basket_2            1 
w_f_Stadio Italiano_CD Ceppi_15            1 
w_f_Stadio Italiano_CD Arturo Prat de San Felipe_12            1 
w_f_Stadio Italiano_CD Manquehue_9            1 
w_f_Stadio Italiano_Estadio Palestino_27            1 
w_f_CD Manquehue_CD Liceo Curicó_7            1 
w_f_CD Manquehue_Club Andino de Los Ángeles_8            1 
w_f_CD AB Temuco_CD Boston College_26            1 
w_f_CD La Unión_CD Achao_19            1 
w_f_CD Achao_Estadio Palestino_16            1 
w_f_Estadio Palestino_CD Boston College_18            1 
w_f_Club Andino de Los Ángeles_CD Boston College_30            1 
w_f_Club Andino de Los Ángeles_Club Atlético Puerto Varas_17            1 
w_g_CD Boston College_CD La Unión_6            1 
w_g_CD Alemán de Concepción_Club Andino de Los Ángeles_26            1 
w_g_CD Quilicura Basket_CD Arturo Prat de San Felipe_19            1 
w_g_CD Ceppi_CD Liceo Curicó_18            1 
w_g_CD Ceppi_Stadio Italiano_30            1 
w_g_CD Manquehue_CD Boston College_17            1 
w_g_CD Manquehue_CD Achao_1            1 
w_g_Club Atlético Puerto Varas_Estadio Español_20            1 
w_g_Club Atlético Puerto Varas_Club Andino de Los Ángeles_2            1 
w_g_CD AB Temuco_CD Ceppi_21            1 
w_g_CD AB Temuco_CD Achao_24            1 
w_g_CD AB Temuco_Estadio Palestino_22            1 
w_g_CD La Unión_CD Liceo Curicó_25            1 
w_g_CD La Unión_Estadio Español_16            1 
w_g_CD Achao_CD Liceo Curicó_8            1 
w_g_CD Achao_CD La Unión_13            1 
w_g_Estadio Palestino_CD Liceo Curicó_29            1 
w_g_Estadio Palestino_CD Quilicura Basket_28            1 
w_g_Estadio Palestino_CD Brisas_9            1 
w_g_Estadio Palestino_CD La Unión_11            1 
w_g_Club Andino de Los Ángeles_CD Liceo Curicó_27            1 
w_g_Club Andino de Los Ángeles_CD Alemán de Concepción_3            1 
w_g_Club Andino de Los Ángeles_CD Quilicura Basket_15            1 
w_g_Club Andino de Los Ángeles_Estadio Español_7            1 
w_g_Club Andino de Los Ángeles_CD Brisas_14            1 
w_g_Club Andino de Los Ángeles_CD Ceppi_12            1 
w_g_Club Andino de Los Ángeles_CD AB Temuco_5            1 
w_g_Club Andino de Los Ángeles_CD La Unión_4            1 
w_g_Club Andino de Los Ángeles_CD Achao_10            1 
w_g_Club Andino de Los Ángeles_Estadio Palestino_23            1 
w_h_CD Boston College_CD Alemán de Concepción_25            1 
w_h_CD Boston College_CD Quilicura Basket_12            1 
w_h_CD Boston College_Estadio Español_8            1 
w_h_CD Boston College_CD Ceppi_24            1 
w_h_CD Boston College_CD Arturo Prat de San Felipe_1            1 
w_h_CD Boston College_Stadio Italiano_3            1 
w_h_CD Boston College_CD Manquehue_14            1 
w_h_CD Boston College_CD Achao_5            1 
w_h_CD Boston College_Club Andino de Los Ángeles_9            1 
w_h_CD Liceo Curicó_CD Arturo Prat de San Felipe_20            1 
w_h_CD Liceo Curicó_CD La Unión_15            1 
w_h_CD Alemán de Concepción_CD Boston College_7            1 
w_h_CD Alemán de Concepción_CD Manquehue_11            1 
w_h_CD Quilicura Basket_CD Brisas_27            1 
w_h_CD Quilicura Basket_CD AB Temuco_30            1 
w_h_CD Quilicura Basket_Club Andino de Los Ángeles_29            1 
w_h_Estadio Español_CD Liceo Curicó_28            1 
w_h_Estadio Español_CD AB Temuco_19            1 
w_h_CD Ceppi_CD Arturo Prat de San Felipe_26            1 
w_h_CD Arturo Prat de San Felipe_CD AB Temuco_16            1 
w_h_CD Manquehue_CD Alemán de Concepción_21            1 
w_h_CD Manquehue_CD AB Temuco_13            1 
w_h_CD AB Temuco_CD Quilicura Basket_4            1 
w_h_CD AB Temuco_CD Manquehue_18            1 
w_h_CD AB Temuco_CD La Unión_23            1 
w_h_CD La Unión_CD Manquehue_10            1 
w_h_CD Achao_CD Brisas_22            1 
w_h_Estadio Palestino_CD Arturo Prat de San Felipe_17            1 
w_h_Estadio Palestino_CD Achao_2            1 
w_h_Estadio Palestino_Club Andino de Los Ángeles_6            1 
Freed default Gurobi environment
